Test (2A): initial election ...
0 2 0 [{<nil> 0 0}] -1 0
1 2 0 [{<nil> 0 0}] -1 0
2 2 0 [{<nil> 0 0}] -1 0
0 1 1 [{<nil> 0 0}] 0 1
0 0 1 [{<nil> 0 0}] 0 2
1 2 1 [{<nil> 0 0}] 0 0
1 2 1 [{<nil> 0 0}] 0 0
2 2 1 [{<nil> 0 0}] -1 0
1 2 1 [{<nil> 0 0}] 0 0
0 0 1 [{<nil> 0 0}] 0 2
2 2 1 [{<nil> 0 0}] -1 0
1 2 1 [{<nil> 0 0}] 0 0
0 0 1 [{<nil> 0 0}] 0 2
1 2 1 [{<nil> 0 0}] 0 0
2 2 1 [{<nil> 0 0}] -1 0
0 0 1 [{<nil> 0 0}] 0 2
2 2 1 [{<nil> 0 0}] -1 0
1 2 1 [{<nil> 0 0}] 0 0
0 0 1 [{<nil> 0 0}] 0 2
1 2 1 [{<nil> 0 0}] 0 0
2 2 1 [{<nil> 0 0}] -1 0
0 0 1 [{<nil> 0 0}] 0 2
2 2 1 [{<nil> 0 0}] -1 0
1 2 1 [{<nil> 0 0}] 0 0
0 0 1 [{<nil> 0 0}] 0 2
1 2 1 [{<nil> 0 0}] 0 0
2 2 1 [{<nil> 0 0}] -1 0
0 0 1 [{<nil> 0 0}] 0 2
1 2 1 [{<nil> 0 0}] 0 0
2 2 1 [{<nil> 0 0}] -1 0
0 0 1 [{<nil> 0 0}] 0 2
2 2 1 [{<nil> 0 0}] -1 0
1 2 1 [{<nil> 0 0}] 0 0
0 0 1 [{<nil> 0 0}] 0 2
1 2 1 [{<nil> 0 0}] 0 0
2 2 1 [{<nil> 0 0}] -1 0
0 0 1 [{<nil> 0 0}] 0 2
2 2 1 [{<nil> 0 0}] -1 0
1 2 1 [{<nil> 0 0}] 0 0
0 0 1 [{<nil> 0 0}] 0 2
2 2 1 [{<nil> 0 0}] -1 0
1 2 1 [{<nil> 0 0}] 0 0
0 0 1 [{<nil> 0 0}] 0 2
2 2 1 [{<nil> 0 0}] -1 0
1 2 1 [{<nil> 0 0}] 0 0
0 0 1 [{<nil> 0 0}] 0 2
1 2 1 [{<nil> 0 0}] 0 0
2 2 1 [{<nil> 0 0}] -1 0
0 0 1 [{<nil> 0 0}] 0 2
2 2 1 [{<nil> 0 0}] -1 0
1 2 1 [{<nil> 0 0}] 0 0
0 0 1 [{<nil> 0 0}] 0 2
2 2 1 [{<nil> 0 0}] -1 0
1 2 1 [{<nil> 0 0}] 0 0
0 0 1 [{<nil> 0 0}] 0 2
1 2 1 [{<nil> 0 0}] 0 0
2 2 1 [{<nil> 0 0}] -1 0
0 0 1 [{<nil> 0 0}] 0 2
2 2 1 [{<nil> 0 0}] -1 0
1 2 1 [{<nil> 0 0}] 0 0
0 0 1 [{<nil> 0 0}] 0 2
2 2 1 [{<nil> 0 0}] -1 0
1 2 1 [{<nil> 0 0}] 0 0
0 0 1 [{<nil> 0 0}] 0 2
1 1 2 [{<nil> 0 0}] 1 1
2 1 2 [{<nil> 0 0}] 2 1
--- FAIL: TestInitialElection2A (2.59s)
    config.go:341: servers disagree on currentTerm
Test (2A): election after network failure ...
0 2 0 [{<nil> 0 0}] -1 0
1 2 0 [{<nil> 0 0}] -1 0
2 2 0 [{<nil> 0 0}] -1 0
1 1 1 [{<nil> 0 0}] 1 1
1 0 1 [{<nil> 0 0}] 1 2
0 1 1 [{<nil> 0 0}] 0 1
2 1 2 [{<nil> 0 0}] 2 1
2 1 2 [{<nil> 0 0}] 2 1
2 1 2 [{<nil> 0 0}] 2 1
2 1 2 [{<nil> 0 0}] 2 1
2 0 2 [{<nil> 0 0}] 2 2
0 2 2 [{<nil> 0 0}] 2 0
0 2 2 [{<nil> 0 0}] 2 0
0 2 2 [{<nil> 0 0}] 2 0
2 0 2 [{<nil> 0 0}] 2 2
1 0 1 [{<nil> 0 0}] 1 2
0 2 2 [{<nil> 0 0}] 2 0
1 0 1 [{<nil> 0 0}] 1 2
2 0 2 [{<nil> 0 0}] 2 2
0 2 2 [{<nil> 0 0}] 2 0
2 0 2 [{<nil> 0 0}] 2 2
1 0 1 [{<nil> 0 0}] 1 2
0 2 2 [{<nil> 0 0}] 2 0
1 0 1 [{<nil> 0 0}] 1 2
2 0 2 [{<nil> 0 0}] 2 2
0 2 2 [{<nil> 0 0}] 2 0
2 0 2 [{<nil> 0 0}] 2 2
0 2 2 [{<nil> 0 0}] 2 0
1 0 1 [{<nil> 0 0}] 1 2
1 0 1 [{<nil> 0 0}] 1 2
2 0 2 [{<nil> 0 0}] 2 2
0 2 2 [{<nil> 0 0}] 2 0
2 0 2 [{<nil> 0 0}] 2 2
0 2 2 [{<nil> 0 0}] 2 0
1 2 2 [{<nil> 0 0}] -1 0
1 2 2 [{<nil> 0 0}] -1 0
1 2 2 [{<nil> 0 0}] -1 0
2 0 2 [{<nil> 0 0}] 2 2
1 2 2 [{<nil> 0 0}] -1 0
0 2 2 [{<nil> 0 0}] 2 0
2 0 2 [{<nil> 0 0}] 2 2
1 2 2 [{<nil> 0 0}] -1 0
0 2 2 [{<nil> 0 0}] 2 0
2 0 2 [{<nil> 0 0}] 2 2
1 2 2 [{<nil> 0 0}] -1 0
0 2 2 [{<nil> 0 0}] 2 0
2 0 2 [{<nil> 0 0}] 2 2
2 0 2 [{<nil> 0 0}] 2 2
1 1 3 [{<nil> 0 0}] 1 1
2 0 2 [{<nil> 0 0}] 2 2
2 0 2 [{<nil> 0 0}] 2 2
0 1 3 [{<nil> 0 0}] 0 1
2 0 2 [{<nil> 0 0}] 2 2
2 0 2 [{<nil> 0 0}] 2 2
2 0 2 [{<nil> 0 0}] 2 2
2 0 2 [{<nil> 0 0}] 2 2
2 0 2 [{<nil> 0 0}] 2 2
2 0 2 [{<nil> 0 0}] 2 2
2 0 2 [{<nil> 0 0}] 2 2
2 0 2 [{<nil> 0 0}] 2 2
2 0 2 [{<nil> 0 0}] 2 2
1 1 4 [{<nil> 0 0}] 1 1
2 0 2 [{<nil> 0 0}] 2 2
2 0 2 [{<nil> 0 0}] 2 2
0 1 4 [{<nil> 0 0}] 0 1
2 0 2 [{<nil> 0 0}] 2 2
2 0 2 [{<nil> 0 0}] 2 2
2 0 2 [{<nil> 0 0}] 2 2
2 0 2 [{<nil> 0 0}] 2 2
2 0 2 [{<nil> 0 0}] 2 2
2 0 2 [{<nil> 0 0}] 2 2
2 0 2 [{<nil> 0 0}] 2 2
0 1 5 [{<nil> 0 0}] 0 1
0 0 5 [{<nil> 0 0}] 0 2
1 2 5 [{<nil> 0 0}] 0 0
1 2 5 [{<nil> 0 0}] 0 0
1 2 5 [{<nil> 0 0}] 0 0
2 0 2 [{<nil> 0 0}] 2 2
0 0 5 [{<nil> 0 0}] 0 2
1 2 5 [{<nil> 0 0}] 0 0
0 0 5 [{<nil> 0 0}] 0 2
2 0 2 [{<nil> 0 0}] 2 2
1 2 5 [{<nil> 0 0}] 0 0
2 0 2 [{<nil> 0 0}] 2 2
0 0 5 [{<nil> 0 0}] 0 2
1 2 5 [{<nil> 0 0}] 0 0
2 0 2 [{<nil> 0 0}] 2 2
0 0 5 [{<nil> 0 0}] 0 2
1 2 5 [{<nil> 0 0}] 0 0
2 0 2 [{<nil> 0 0}] 2 2
0 0 5 [{<nil> 0 0}] 0 2
1 2 5 [{<nil> 0 0}] 0 0
2 2 5 [{<nil> 0 0}] -1 0
2 2 5 [{<nil> 0 0}] -1 0
0 0 5 [{<nil> 0 0}] 0 2
2 2 5 [{<nil> 0 0}] -1 0
1 2 5 [{<nil> 0 0}] 0 0
0 0 5 [{<nil> 0 0}] 0 2
2 2 5 [{<nil> 0 0}] -1 0
1 2 5 [{<nil> 0 0}] 0 0
0 0 5 [{<nil> 0 0}] 0 2
2 2 5 [{<nil> 0 0}] -1 0
1 2 5 [{<nil> 0 0}] 0 0
0 0 5 [{<nil> 0 0}] 0 2
1 2 5 [{<nil> 0 0}] 0 0
2 2 5 [{<nil> 0 0}] -1 0
  ... Passed --  12.2  3  132   28258    0
FAIL
exit status 1
FAIL	labs-6.824/src/raft	16.547s
