0 2 0 [{<nil> 0 0}] -1 0
Test (2A): initial election ...
1 2 0 [{<nil> 0 0}] -1 0
2 2 0 [{<nil> 0 0}] -1 0
2 1 1 [{<nil> 0 0}] 2 1
2 0 1 [{<nil> 0 0}] 2 2
1 2 1 [{<nil> 0 0}] 2 0
1 2 1 [{<nil> 0 0}] 2 0
1 2 1 [{<nil> 0 0}] 2 0
0 2 1 [{<nil> 0 0}] 2 0
0 2 1 [{<nil> 0 0}] 2 0
0 2 1 [{<nil> 0 0}] 2 0
2 0 1 [{<nil> 0 0}] 2 2
1 2 1 [{<nil> 0 0}] 2 0
0 2 1 [{<nil> 0 0}] 2 0
2 0 1 [{<nil> 0 0}] 2 2
1 2 1 [{<nil> 0 0}] 2 0
0 2 1 [{<nil> 0 0}] 2 0
2 0 1 [{<nil> 0 0}] 2 2
0 2 1 [{<nil> 0 0}] 2 0
1 2 1 [{<nil> 0 0}] 2 0
2 0 1 [{<nil> 0 0}] 2 2
1 2 1 [{<nil> 0 0}] 2 0
0 2 1 [{<nil> 0 0}] 2 0
2 0 1 [{<nil> 0 0}] 2 2
0 2 1 [{<nil> 0 0}] 2 0
1 2 1 [{<nil> 0 0}] 2 0
2 0 1 [{<nil> 0 0}] 2 2
1 2 1 [{<nil> 0 0}] 2 0
0 2 1 [{<nil> 0 0}] 2 0
2 0 1 [{<nil> 0 0}] 2 2
1 2 1 [{<nil> 0 0}] 2 0
0 2 1 [{<nil> 0 0}] 2 0
2 0 1 [{<nil> 0 0}] 2 2
1 2 1 [{<nil> 0 0}] 2 0
0 2 1 [{<nil> 0 0}] 2 0
2 0 1 [{<nil> 0 0}] 2 2
1 2 1 [{<nil> 0 0}] 2 0
0 2 1 [{<nil> 0 0}] 2 0
2 0 1 [{<nil> 0 0}] 2 2
1 2 1 [{<nil> 0 0}] 2 0
0 2 1 [{<nil> 0 0}] 2 0
2 0 1 [{<nil> 0 0}] 2 2
1 2 1 [{<nil> 0 0}] 2 0
0 2 1 [{<nil> 0 0}] 2 0
2 0 1 [{<nil> 0 0}] 2 2
1 2 1 [{<nil> 0 0}] 2 0
0 2 1 [{<nil> 0 0}] 2 0
2 0 1 [{<nil> 0 0}] 2 2
1 2 1 [{<nil> 0 0}] 2 0
0 2 1 [{<nil> 0 0}] 2 0
2 0 1 [{<nil> 0 0}] 2 2
1 2 1 [{<nil> 0 0}] 2 0
0 2 1 [{<nil> 0 0}] 2 0
2 0 1 [{<nil> 0 0}] 2 2
0 2 1 [{<nil> 0 0}] 2 0
1 2 1 [{<nil> 0 0}] 2 0
2 0 1 [{<nil> 0 0}] 2 2
0 2 1 [{<nil> 0 0}] 2 0
1 2 1 [{<nil> 0 0}] 2 0
2 0 1 [{<nil> 0 0}] 2 2
1 2 1 [{<nil> 0 0}] 2 0
0 2 1 [{<nil> 0 0}] 2 0
2 0 1 [{<nil> 0 0}] 2 2
0 2 1 [{<nil> 0 0}] 2 0
1 2 1 [{<nil> 0 0}] 2 0
2 0 1 [{<nil> 0 0}] 2 2
1 2 1 [{<nil> 0 0}] 2 0
0 2 1 [{<nil> 0 0}] 2 0
0 1 2 [{<nil> 0 0}] 0 1
0 0 2 [{<nil> 0 0}] 0 2
2 2 2 [{<nil> 0 0}] 0 0
2 2 2 [{<nil> 0 0}] 0 0
2 2 2 [{<nil> 0 0}] 0 0
2 2 2 [{<nil> 0 0}] 0 0
--- FAIL: TestInitialElection2A (3.37s)
    config.go:341: servers disagree on currentTerm
Test (2A): election after network failure ...
0 2 0 [{<nil> 0 0}] -1 0
1 2 0 [{<nil> 0 0}] -1 0
2 2 0 [{<nil> 0 0}] -1 0
2 1 1 [{<nil> 0 0}] 2 1
2 0 1 [{<nil> 0 0}] 2 2
0 1 1 [{<nil> 0 0}] 0 1
1 1 2 [{<nil> 0 0}] 1 1
1 1 2 [{<nil> 0 0}] 1 1
1 1 2 [{<nil> 0 0}] 1 1
1 1 2 [{<nil> 0 0}] 1 1
1 0 2 [{<nil> 0 0}] 1 2
0 2 1 [{<nil> 0 0}] -1 0
1 0 2 [{<nil> 0 0}] 1 2
2 2 2 [{<nil> 0 0}] 1 0
2 2 2 [{<nil> 0 0}] 1 0
2 2 2 [{<nil> 0 0}] 1 0
2 2 2 [{<nil> 0 0}] 1 0
1 0 2 [{<nil> 0 0}] 1 2
1 0 2 [{<nil> 0 0}] 1 2
2 1 3 [{<nil> 0 0}] 2 1
2 0 3 [{<nil> 0 0}] 2 2
0 2 3 [{<nil> 0 0}] 2 0
0 2 3 [{<nil> 0 0}] 2 0
0 2 3 [{<nil> 0 0}] 2 0
1 0 2 [{<nil> 0 0}] 1 2
2 0 3 [{<nil> 0 0}] 2 2
0 2 3 [{<nil> 0 0}] 2 0
1 0 2 [{<nil> 0 0}] 1 2
2 0 3 [{<nil> 0 0}] 2 2
0 2 3 [{<nil> 0 0}] 2 0
1 2 3 [{<nil> 0 0}] -1 0
1 2 3 [{<nil> 0 0}] -1 0
2 0 3 [{<nil> 0 0}] 2 2
1 2 3 [{<nil> 0 0}] -1 0
0 2 3 [{<nil> 0 0}] 2 0
2 0 3 [{<nil> 0 0}] 2 2
1 2 3 [{<nil> 0 0}] -1 0
0 2 3 [{<nil> 0 0}] 2 0
2 0 3 [{<nil> 0 0}] 2 2
1 2 3 [{<nil> 0 0}] -1 0
0 2 3 [{<nil> 0 0}] 2 0
2 0 3 [{<nil> 0 0}] 2 2
1 2 3 [{<nil> 0 0}] -1 0
0 2 3 [{<nil> 0 0}] 2 0
2 0 3 [{<nil> 0 0}] 2 2
2 0 3 [{<nil> 0 0}] 2 2
2 0 3 [{<nil> 0 0}] 2 2
2 0 3 [{<nil> 0 0}] 2 2
0 1 4 [{<nil> 0 0}] 0 1
1 1 4 [{<nil> 0 0}] 1 1
2 0 3 [{<nil> 0 0}] 2 2
2 0 3 [{<nil> 0 0}] 2 2
2 0 3 [{<nil> 0 0}] 2 2
2 0 3 [{<nil> 0 0}] 2 2
2 0 3 [{<nil> 0 0}] 2 2
2 0 3 [{<nil> 0 0}] 2 2
2 0 3 [{<nil> 0 0}] 2 2
2 0 3 [{<nil> 0 0}] 2 2
2 0 3 [{<nil> 0 0}] 2 2
2 0 3 [{<nil> 0 0}] 2 2
2 0 3 [{<nil> 0 0}] 2 2
0 1 5 [{<nil> 0 0}] 0 1
2 0 3 [{<nil> 0 0}] 2 2
2 0 3 [{<nil> 0 0}] 2 2
1 1 5 [{<nil> 0 0}] 1 1
2 0 3 [{<nil> 0 0}] 2 2
2 0 3 [{<nil> 0 0}] 2 2
2 0 3 [{<nil> 0 0}] 2 2
2 0 3 [{<nil> 0 0}] 2 2
2 0 3 [{<nil> 0 0}] 2 2
0 1 6 [{<nil> 0 0}] 0 1
0 0 6 [{<nil> 0 0}] 0 2
1 2 6 [{<nil> 0 0}] 0 0
1 2 6 [{<nil> 0 0}] 0 0
1 2 6 [{<nil> 0 0}] 0 0
2 0 3 [{<nil> 0 0}] 2 2
0 0 6 [{<nil> 0 0}] 0 2
1 2 6 [{<nil> 0 0}] 0 0
2 0 3 [{<nil> 0 0}] 2 2
0 0 6 [{<nil> 0 0}] 0 2
1 2 6 [{<nil> 0 0}] 0 0
2 0 3 [{<nil> 0 0}] 2 2
0 0 6 [{<nil> 0 0}] 0 2
1 2 6 [{<nil> 0 0}] 0 0
2 0 3 [{<nil> 0 0}] 2 2
0 0 6 [{<nil> 0 0}] 0 2
1 2 6 [{<nil> 0 0}] 0 0
2 0 3 [{<nil> 0 0}] 2 2
0 0 6 [{<nil> 0 0}] 0 2
1 2 6 [{<nil> 0 0}] 0 0
2 2 6 [{<nil> 0 0}] -1 0
2 2 6 [{<nil> 0 0}] -1 0
0 0 6 [{<nil> 0 0}] 0 2
2 2 6 [{<nil> 0 0}] -1 0
1 2 6 [{<nil> 0 0}] 0 0
0 0 6 [{<nil> 0 0}] 0 2
1 2 6 [{<nil> 0 0}] 0 0
2 2 6 [{<nil> 0 0}] -1 0
0 0 6 [{<nil> 0 0}] 0 2
2 2 6 [{<nil> 0 0}] -1 0
1 2 6 [{<nil> 0 0}] 0 0
0 0 6 [{<nil> 0 0}] 0 2
2 2 6 [{<nil> 0 0}] -1 0
1 2 6 [{<nil> 0 0}] 0 0
  ... Passed --   5.1  3  120   25978    0
FAIL
exit status 1
FAIL	labs-6.824/src/raft	8.444s
