Test (2C): basic persistence ...
2023/10/17 22:53:01 {Node 0} starts election with RequestVoteRequest &{1 0 0 0}
2023/10/17 22:53:01 {Node 1}'s state is {state 2,term 0,commitIndex 0,lastApplied 0,firstLog {<nil> 0 0},lastLog {<nil> 0 0}} before processing requestVoteRequest &{1 0 0 0} and reply requestVoteResponse &{0 true}
2023/10/17 22:53:01 {Node 2}'s state is {state 2,term 0,commitIndex 0,lastApplied 0,firstLog {<nil> 0 0},lastLog {<nil> 0 0}} before processing requestVoteRequest &{1 0 0 0} and reply requestVoteResponse &{0 true}
2023/10/17 22:53:01 {Node 0} receives RequestVoteResponse &{1 0 0 0} from {Node [0xc00006e120 0xc00006e140 0xc00006e160]} after sending RequestVoteRequest &{0 true} in term 1
2023/10/17 22:53:01 {Node 0} receives RequestVoteResponse &{1 0 0 0} from {Node [0xc00006e120 0xc00006e140 0xc00006e160]} after sending RequestVoteRequest &{0 true} in term 1
2023/10/17 22:53:01 Term 1 Leader 0 Send all AppendEntries Log : [{<nil> 0 0}]
2023/10/17 22:53:01 {Node 1}'s state is {state 2,term 1,commitIndex 0,lastApplied 0,firstLog {<nil> 0 0},lastLog {<nil> 0 0}} before processing AppendEntriesRequest &{1 0 0 0 [] 0} and reply AppendEntriesResponse &{1 true 0 0}
2023/10/17 22:53:01 {Node 2}'s state is {state 2,term 1,commitIndex 0,lastApplied 0,firstLog {<nil> 0 0},lastLog {<nil> 0 0}} before processing AppendEntriesRequest &{1 0 0 0 [] 0} and reply AppendEntriesResponse &{1 true 0 0}
2023/10/17 22:53:01 Term 1 Leader 0 Send all AppendEntries Log : [{<nil> 0 0} {11 1 1}]
2023/10/17 22:53:01 {Node 1}'s state is {state 2,term 1,commitIndex 0,lastApplied 0,firstLog {<nil> 0 0},lastLog {<nil> 0 0}} before processing AppendEntriesRequest &{1 0 0 0 [{11 1 1}] 0} and reply AppendEntriesResponse &{1 true 0 0}
2023/10/17 22:53:01 {Node 2}'s state is {state 2,term 1,commitIndex 0,lastApplied 0,firstLog {<nil> 0 0},lastLog {<nil> 0 0}} before processing AppendEntriesRequest &{1 0 0 0 [{11 1 1}] 0} and reply AppendEntriesResponse &{1 true 0 0}
2023/10/17 22:53:01 Term 1 Leader 0 Send all AppendEntries Log : [{<nil> 0 0} {11 1 1}]
2023/10/17 22:53:01 {Node 2}'s state is {state 2,term 1,commitIndex 0,lastApplied 0,firstLog {<nil> 0 0},lastLog {11 1 1}} before processing AppendEntriesRequest &{1 0 1 1 [] 0} and reply AppendEntriesResponse &{1 true 0 0}
2023/10/17 22:53:01 {Node 1}'s state is {state 2,term 1,commitIndex 0,lastApplied 0,firstLog {<nil> 0 0},lastLog {11 1 1}} before processing AppendEntriesRequest &{1 0 1 1 [] 0} and reply AppendEntriesResponse &{1 true 0 0}
2023/10/17 22:53:01 Term 1 Leader 0 Send all AppendEntries Log : [{<nil> 0 0} {11 1 1}]
2023/10/17 22:53:01 {Node 1}'s state is {state 2,term 1,commitIndex 0,lastApplied 0,firstLog {<nil> 0 0},lastLog {11 1 1}} before processing AppendEntriesRequest &{1 0 1 1 [] 1} and reply AppendEntriesResponse &{1 true 0 0}
2023/10/17 22:53:01 {Node 2}'s state is {state 2,term 1,commitIndex 0,lastApplied 0,firstLog {<nil> 0 0},lastLog {11 1 1}} before processing AppendEntriesRequest &{1 0 1 1 [] 1} and reply AppendEntriesResponse &{1 true 0 0}
2023/10/17 22:53:01 Term 1 Leader 0 Send all AppendEntries Log : [{<nil> 0 0} {11 1 1}]
2023/10/17 22:53:01 {Node 1}'s state is {state 2,term 1,commitIndex 1,lastApplied 0,firstLog {<nil> 0 0},lastLog {11 1 1}} before processing AppendEntriesRequest &{1 0 1 1 [] 1} and reply AppendEntriesResponse &{1 true 0 0}
2023/10/17 22:53:01 {Node 2}'s state is {state 2,term 1,commitIndex 1,lastApplied 0,firstLog {<nil> 0 0},lastLog {11 1 1}} before processing AppendEntriesRequest &{1 0 1 1 [] 1} and reply AppendEntriesResponse &{1 true 0 0}
2023/10/17 22:53:01 Term 1 Leader 0 Send all AppendEntries Log : [{<nil> 0 0} {11 1 1}]
2023/10/17 22:53:01 {Node 1}'s state is {state 2,term 1,commitIndex 1,lastApplied 0,firstLog {<nil> 0 0},lastLog {11 1 1}} before processing AppendEntriesRequest &{1 0 1 1 [] 1} and reply AppendEntriesResponse &{1 true 0 0}
2023/10/17 22:53:01 {Node 2}'s state is {state 2,term 1,commitIndex 1,lastApplied 0,firstLog {<nil> 0 0},lastLog {11 1 1}} before processing AppendEntriesRequest &{1 0 1 1 [] 1} and reply AppendEntriesResponse &{1 true 0 0}
2023/10/17 22:53:02 {Node 2} starts election with RequestVoteRequest &{2 2 1 1}
2023/10/17 22:53:02 {Node 0}'s state is {state 2,term 1,commitIndex 0,lastApplied 0,firstLog {<nil> 0 0},lastLog {11 1 1}} before processing requestVoteRequest &{2 2 1 1} and reply requestVoteResponse &{1 true}
2023/10/17 22:53:02 {Node 1}'s state is {state 2,term 1,commitIndex 0,lastApplied 0,firstLog {<nil> 0 0},lastLog {11 1 1}} before processing requestVoteRequest &{2 2 1 1} and reply requestVoteResponse &{1 true}
2023/10/17 22:53:02 {Node 2} receives RequestVoteResponse &{2 2 1 1} from {Node [0xc0001ace20 0xc0001ace40 0xc0001ace60]} after sending RequestVoteRequest &{1 true} in term 2
2023/10/17 22:53:02 {Node 2} receives RequestVoteResponse &{2 2 1 1} from {Node [0xc0001ace20 0xc0001ace40 0xc0001ace60]} after sending RequestVoteRequest &{1 true} in term 2
2023/10/17 22:53:02 Term 2 Leader 2 Send all AppendEntries Log : [{<nil> 0 0} {11 1 1}]
2023/10/17 22:53:02 {Node 1}'s state is {state 2,term 2,commitIndex 0,lastApplied 0,firstLog {<nil> 0 0},lastLog {11 1 1}} before processing AppendEntriesRequest &{2 2 1 1 [] 0} and reply AppendEntriesResponse &{2 true 0 0}
2023/10/17 22:53:02 {Node 0}'s state is {state 2,term 2,commitIndex 0,lastApplied 0,firstLog {<nil> 0 0},lastLog {11 1 1}} before processing AppendEntriesRequest &{2 2 1 1 [] 0} and reply AppendEntriesResponse &{2 true 0 0}
2023/10/17 22:53:02 Term 2 Leader 2 Send all AppendEntries Log : [{<nil> 0 0} {11 1 1} {12 2 2}]
2023/10/17 22:53:02 {Node 0}'s state is {state 2,term 2,commitIndex 0,lastApplied 0,firstLog {<nil> 0 0},lastLog {11 1 1}} before processing AppendEntriesRequest &{2 2 1 1 [{12 2 2}] 0} and reply AppendEntriesResponse &{2 true 0 0}
2023/10/17 22:53:02 {Node 1}'s state is {state 2,term 2,commitIndex 0,lastApplied 0,firstLog {<nil> 0 0},lastLog {11 1 1}} before processing AppendEntriesRequest &{2 2 1 1 [{12 2 2}] 0} and reply AppendEntriesResponse &{2 true 0 0}
2023/10/17 22:53:02 Term 2 Leader 2 Send all AppendEntries Log : [{<nil> 0 0} {11 1 1} {12 2 2}]
2023/10/17 22:53:02 {Node 0}'s state is {state 2,term 2,commitIndex 0,lastApplied 0,firstLog {<nil> 0 0},lastLog {12 2 2}} before processing AppendEntriesRequest &{2 2 2 2 [] 0} and reply AppendEntriesResponse &{2 true 0 0}
2023/10/17 22:53:02 {Node 1}'s state is {state 2,term 2,commitIndex 0,lastApplied 0,firstLog {<nil> 0 0},lastLog {12 2 2}} before processing AppendEntriesRequest &{2 2 2 2 [] 0} and reply AppendEntriesResponse &{2 true 0 0}
2023/10/17 22:53:02 Term 2 Leader 2 Send all AppendEntries Log : [{<nil> 0 0} {11 1 1} {12 2 2}]
2023/10/17 22:53:02 {Node 1}'s state is {state 2,term 2,commitIndex 0,lastApplied 0,firstLog {<nil> 0 0},lastLog {12 2 2}} before processing AppendEntriesRequest &{2 2 2 2 [] 2} and reply AppendEntriesResponse &{2 true 0 0}
2023/10/17 22:53:02 {Node 0}'s state is {state 2,term 2,commitIndex 0,lastApplied 0,firstLog {<nil> 0 0},lastLog {12 2 2}} before processing AppendEntriesRequest &{2 2 2 2 [] 2} and reply AppendEntriesResponse &{2 true 0 0}
2023/10/17 22:53:02 Term 2 Leader 2 Send all AppendEntries Log : [{<nil> 0 0} {11 1 1} {12 2 2}]
2023/10/17 22:53:02 {Node 0}'s state is {state 2,term 2,commitIndex 2,lastApplied 0,firstLog {<nil> 0 0},lastLog {12 2 2}} before processing AppendEntriesRequest &{2 2 2 2 [] 2} and reply AppendEntriesResponse &{2 true 0 0}
2023/10/17 22:53:02 {Node 1}'s state is {state 2,term 2,commitIndex 2,lastApplied 0,firstLog {<nil> 0 0},lastLog {12 2 2}} before processing AppendEntriesRequest &{2 2 2 2 [] 2} and reply AppendEntriesResponse &{2 true 0 0}
2023/10/17 22:53:02 Term 2 Leader 2 Send all AppendEntries Log : [{<nil> 0 0} {11 1 1} {12 2 2}]
2023/10/17 22:53:02 {Node 1}'s state is {state 2,term 2,commitIndex 2,lastApplied 0,firstLog {<nil> 0 0},lastLog {12 2 2}} before processing AppendEntriesRequest &{2 2 2 2 [] 2} and reply AppendEntriesResponse &{2 true 0 0}
2023/10/17 22:53:02 {Node 0}'s state is {state 2,term 2,commitIndex 2,lastApplied 0,firstLog {<nil> 0 0},lastLog {12 2 2}} before processing AppendEntriesRequest &{2 2 2 2 [] 2} and reply AppendEntriesResponse &{2 true 0 0}
2023/10/17 22:53:02 Term 2 Leader 2 Send all AppendEntries Log : [{<nil> 0 0} {11 1 1} {12 2 2}]
2023/10/17 22:53:02 {Node 0}'s state is {state 2,term 2,commitIndex 2,lastApplied 2,firstLog {<nil> 0 0},lastLog {12 2 2}} before processing AppendEntriesRequest &{2 2 2 2 [] 2} and reply AppendEntriesResponse &{2 true 0 0}
2023/10/17 22:53:02 {Node 1}'s state is {state 2,term 2,commitIndex 2,lastApplied 2,firstLog {<nil> 0 0},lastLog {12 2 2}} before processing AppendEntriesRequest &{2 2 2 2 [] 2} and reply AppendEntriesResponse &{2 true 0 0}
2023/10/17 22:53:02 Term 2 Leader 2 Send all AppendEntries Log : [{<nil> 0 0} {11 1 1} {12 2 2}]
2023/10/17 22:53:02 {Node 1}'s state is {state 2,term 2,commitIndex 2,lastApplied 2,firstLog {<nil> 0 0},lastLog {12 2 2}} before processing AppendEntriesRequest &{2 2 2 2 [] 2} and reply AppendEntriesResponse &{2 true 0 0}
2023/10/17 22:53:02 {Node 0}'s state is {state 2,term 2,commitIndex 2,lastApplied 2,firstLog {<nil> 0 0},lastLog {12 2 2}} before processing AppendEntriesRequest &{2 2 2 2 [] 2} and reply AppendEntriesResponse &{2 true 0 0}
2023/10/17 22:53:02 Term 2 Leader 2 Send all AppendEntries Log : [{<nil> 0 0} {11 1 1} {12 2 2}]
2023/10/17 22:53:02 {Node 0}'s state is {state 2,term 2,commitIndex 2,lastApplied 2,firstLog {<nil> 0 0},lastLog {12 2 2}} before processing AppendEntriesRequest &{2 2 2 2 [] 2} and reply AppendEntriesResponse &{2 true 0 0}
2023/10/17 22:53:02 {Node 1}'s state is {state 2,term 2,commitIndex 2,lastApplied 2,firstLog {<nil> 0 0},lastLog {12 2 2}} before processing AppendEntriesRequest &{2 2 2 2 [] 2} and reply AppendEntriesResponse &{2 true 0 0}
2023/10/17 22:53:03 Term 2 Leader 2 Send all AppendEntries Log : [{<nil> 0 0} {11 1 1} {12 2 2}]
2023/10/17 22:53:03 {Node 0}'s state is {state 2,term 2,commitIndex 2,lastApplied 2,firstLog {<nil> 0 0},lastLog {12 2 2}} before processing AppendEntriesRequest &{2 2 2 2 [] 2} and reply AppendEntriesResponse &{2 true 0 0}
2023/10/17 22:53:03 {Node 1}'s state is {state 2,term 2,commitIndex 2,lastApplied 2,firstLog {<nil> 0 0},lastLog {12 2 2}} before processing AppendEntriesRequest &{2 2 2 2 [] 2} and reply AppendEntriesResponse &{2 true 0 0}
2023/10/17 22:53:03 Term 2 Leader 2 Send all AppendEntries Log : [{<nil> 0 0} {11 1 1} {12 2 2}]
2023/10/17 22:53:03 {Node 0}'s state is {state 2,term 2,commitIndex 2,lastApplied 2,firstLog {<nil> 0 0},lastLog {12 2 2}} before processing AppendEntriesRequest &{2 2 2 2 [] 2} and reply AppendEntriesResponse &{2 true 0 0}
2023/10/17 22:53:03 {Node 1}'s state is {state 2,term 2,commitIndex 2,lastApplied 2,firstLog {<nil> 0 0},lastLog {12 2 2}} before processing AppendEntriesRequest &{2 2 2 2 [] 2} and reply AppendEntriesResponse &{2 true 0 0}
2023/10/17 22:53:03 {Node 1} starts election with RequestVoteRequest &{3 1 2 2}
2023/10/17 22:53:03 {Node 0}'s state is {state 2,term 2,commitIndex 2,lastApplied 2,firstLog {<nil> 0 0},lastLog {12 2 2}} before processing requestVoteRequest &{3 1 2 2} and reply requestVoteResponse &{2 true}
2023/10/17 22:53:03 {Node 2}'s state is {state 2,term 2,commitIndex 0,lastApplied 0,firstLog {<nil> 0 0},lastLog {12 2 2}} before processing requestVoteRequest &{3 1 2 2} and reply requestVoteResponse &{2 true}
2023/10/17 22:53:03 {Node 1} receives RequestVoteResponse &{3 1 2 2} from {Node [0xc0001acb20 0xc0001acb40 0xc0001acb60]} after sending RequestVoteRequest &{2 true} in term 3
2023/10/17 22:53:03 Term 3 Leader 1 Send all AppendEntries Log : [{<nil> 0 0} {11 1 1} {12 2 2}]
2023/10/17 22:53:03 {Node 0}'s state is {state 2,term 3,commitIndex 2,lastApplied 2,firstLog {<nil> 0 0},lastLog {12 2 2}} before processing AppendEntriesRequest &{3 1 2 2 [] 2} and reply AppendEntriesResponse &{3 true 0 0}
2023/10/17 22:53:03 {Node 1} receives RequestVoteResponse &{3 1 2 2} from {Node [0xc0001acb20 0xc0001acb40 0xc0001acb60]} after sending RequestVoteRequest &{2 true} in term 3
2023/10/17 22:53:03 {Node 2}'s state is {state 2,term 3,commitIndex 0,lastApplied 0,firstLog {<nil> 0 0},lastLog {12 2 2}} before processing AppendEntriesRequest &{3 1 2 2 [] 2} and reply AppendEntriesResponse &{3 true 0 0}
2023/10/17 22:53:03 Term 3 Leader 1 Send all AppendEntries Log : [{<nil> 0 0} {11 1 1} {12 2 2} {13 3 3}]
2023/10/17 22:53:03 {Node 0}'s state is {state 2,term 3,commitIndex 2,lastApplied 2,firstLog {<nil> 0 0},lastLog {12 2 2}} before processing AppendEntriesRequest &{3 1 2 2 [{13 3 3}] 2} and reply AppendEntriesResponse &{3 true 0 0}
2023/10/17 22:53:03 {Node 2}'s state is {state 2,term 3,commitIndex 2,lastApplied 0,firstLog {<nil> 0 0},lastLog {12 2 2}} before processing AppendEntriesRequest &{3 1 2 2 [{13 3 3}] 2} and reply AppendEntriesResponse &{3 true 0 0}
2023/10/17 22:53:03 Term 3 Leader 1 Send all AppendEntries Log : [{<nil> 0 0} {11 1 1} {12 2 2} {13 3 3}]
2023/10/17 22:53:03 {Node 0}'s state is {state 2,term 3,commitIndex 2,lastApplied 2,firstLog {<nil> 0 0},lastLog {13 3 3}} before processing AppendEntriesRequest &{3 1 3 3 [] 2} and reply AppendEntriesResponse &{3 true 0 0}
2023/10/17 22:53:03 {Node 2}'s state is {state 2,term 3,commitIndex 2,lastApplied 2,firstLog {<nil> 0 0},lastLog {13 3 3}} before processing AppendEntriesRequest &{3 1 3 3 [] 2} and reply AppendEntriesResponse &{3 true 0 0}
2023/10/17 22:53:03 Term 3 Leader 1 Send all AppendEntries Log : [{<nil> 0 0} {11 1 1} {12 2 2} {13 3 3}]
2023/10/17 22:53:03 {Node 0}'s state is {state 2,term 3,commitIndex 2,lastApplied 2,firstLog {<nil> 0 0},lastLog {13 3 3}} before processing AppendEntriesRequest &{3 1 3 3 [] 3} and reply AppendEntriesResponse &{3 true 0 0}
2023/10/17 22:53:03 {Node 2}'s state is {state 2,term 3,commitIndex 2,lastApplied 2,firstLog {<nil> 0 0},lastLog {13 3 3}} before processing AppendEntriesRequest &{3 1 3 3 [] 3} and reply AppendEntriesResponse &{3 true 0 0}
2023/10/17 22:53:03 Term 3 Leader 1 Send all AppendEntries Log : [{<nil> 0 0} {11 1 1} {12 2 2} {13 3 3}]
2023/10/17 22:53:03 {Node 2}'s state is {state 2,term 3,commitIndex 3,lastApplied 2,firstLog {<nil> 0 0},lastLog {13 3 3}} before processing AppendEntriesRequest &{3 1 3 3 [] 3} and reply AppendEntriesResponse &{3 true 0 0}
2023/10/17 22:53:03 {Node 0}'s state is {state 2,term 3,commitIndex 3,lastApplied 2,firstLog {<nil> 0 0},lastLog {13 3 3}} before processing AppendEntriesRequest &{3 1 3 3 [] 3} and reply AppendEntriesResponse &{3 true 0 0}
2023/10/17 22:53:04 Term 3 Leader 1 Send all AppendEntries Log : [{<nil> 0 0} {11 1 1} {12 2 2} {13 3 3}]
2023/10/17 22:53:04 {Node 2}'s state is {state 2,term 3,commitIndex 3,lastApplied 2,firstLog {<nil> 0 0},lastLog {13 3 3}} before processing AppendEntriesRequest &{3 1 3 3 [] 3} and reply AppendEntriesResponse &{3 true 0 0}
2023/10/17 22:53:04 {Node 0}'s state is {state 2,term 3,commitIndex 3,lastApplied 2,firstLog {<nil> 0 0},lastLog {13 3 3}} before processing AppendEntriesRequest &{3 1 3 3 [] 3} and reply AppendEntriesResponse &{3 true 0 0}
2023/10/17 22:53:04 Term 3 Leader 1 Send all AppendEntries Log : [{<nil> 0 0} {11 1 1} {12 2 2} {13 3 3}]
2023/10/17 22:53:04 {Node 2}'s state is {state 2,term 3,commitIndex 3,lastApplied 2,firstLog {<nil> 0 0},lastLog {13 3 3}} before processing AppendEntriesRequest &{3 1 3 3 [] 3} and reply AppendEntriesResponse &{3 true 0 0}
2023/10/17 22:53:04 {Node 0}'s state is {state 2,term 3,commitIndex 3,lastApplied 2,firstLog {<nil> 0 0},lastLog {13 3 3}} before processing AppendEntriesRequest &{3 1 3 3 [] 3} and reply AppendEntriesResponse &{3 true 0 0}
2023/10/17 22:53:04 Term 3 Leader 1 Send all AppendEntries Log : [{<nil> 0 0} {11 1 1} {12 2 2} {13 3 3}]
2023/10/17 22:53:04 {Node 0}'s state is {state 2,term 3,commitIndex 3,lastApplied 3,firstLog {<nil> 0 0},lastLog {13 3 3}} before processing AppendEntriesRequest &{3 1 3 3 [] 3} and reply AppendEntriesResponse &{3 true 0 0}
2023/10/17 22:53:04 {Node 2}'s state is {state 2,term 3,commitIndex 3,lastApplied 3,firstLog {<nil> 0 0},lastLog {13 3 3}} before processing AppendEntriesRequest &{3 1 3 3 [] 3} and reply AppendEntriesResponse &{3 true 0 0}
2023/10/17 22:53:04 Term 3 Leader 1 Send all AppendEntries Log : [{<nil> 0 0} {11 1 1} {12 2 2} {13 3 3}]
2023/10/17 22:53:04 {Node 2}'s state is {state 2,term 3,commitIndex 3,lastApplied 3,firstLog {<nil> 0 0},lastLog {13 3 3}} before processing AppendEntriesRequest &{3 1 3 3 [] 3} and reply AppendEntriesResponse &{3 true 0 0}
2023/10/17 22:53:04 {Node 0}'s state is {state 2,term 3,commitIndex 3,lastApplied 3,firstLog {<nil> 0 0},lastLog {13 3 3}} before processing AppendEntriesRequest &{3 1 3 3 [] 3} and reply AppendEntriesResponse &{3 true 0 0}
2023/10/17 22:53:04 Term 3 Leader 1 Send all AppendEntries Log : [{<nil> 0 0} {11 1 1} {12 2 2} {13 3 3}]
2023/10/17 22:53:04 {Node 2}'s state is {state 2,term 3,commitIndex 3,lastApplied 3,firstLog {<nil> 0 0},lastLog {13 3 3}} before processing AppendEntriesRequest &{3 1 3 3 [] 3} and reply AppendEntriesResponse &{3 true 0 0}
2023/10/17 22:53:04 {Node 0}'s state is {state 2,term 3,commitIndex 3,lastApplied 3,firstLog {<nil> 0 0},lastLog {13 3 3}} before processing AppendEntriesRequest &{3 1 3 3 [] 3} and reply AppendEntriesResponse &{3 true 0 0}
2023/10/17 22:53:04 Term 3 Leader 1 Send all AppendEntries Log : [{<nil> 0 0} {11 1 1} {12 2 2} {13 3 3}]
2023/10/17 22:53:04 {Node 0}'s state is {state 2,term 3,commitIndex 3,lastApplied 3,firstLog {<nil> 0 0},lastLog {13 3 3}} before processing AppendEntriesRequest &{3 1 3 3 [] 3} and reply AppendEntriesResponse &{3 true 0 0}
2023/10/17 22:53:04 {Node 2}'s state is {state 2,term 3,commitIndex 3,lastApplied 3,firstLog {<nil> 0 0},lastLog {13 3 3}} before processing AppendEntriesRequest &{3 1 3 3 [] 3} and reply AppendEntriesResponse &{3 true 0 0}
2023/10/17 22:53:04 Term 3 Leader 1 Send all AppendEntries Log : [{<nil> 0 0} {11 1 1} {12 2 2} {13 3 3}]
2023/10/17 22:53:04 {Node 2}'s state is {state 2,term 3,commitIndex 3,lastApplied 3,firstLog {<nil> 0 0},lastLog {13 3 3}} before processing AppendEntriesRequest &{3 1 3 3 [] 3} and reply AppendEntriesResponse &{3 true 0 0}
2023/10/17 22:53:04 {Node 0}'s state is {state 2,term 3,commitIndex 3,lastApplied 3,firstLog {<nil> 0 0},lastLog {13 3 3}} before processing AppendEntriesRequest &{3 1 3 3 [] 3} and reply AppendEntriesResponse &{3 true 0 0}
2023/10/17 22:53:04 Term 3 Leader 1 Send all AppendEntries Log : [{<nil> 0 0} {11 1 1} {12 2 2} {13 3 3}]
2023/10/17 22:53:04 Term 3 Leader 1 Send all AppendEntries Log : [{<nil> 0 0} {11 1 1} {12 2 2} {13 3 3}]
2023/10/17 22:53:04 Term 3 Leader 1 Send all AppendEntries Log : [{<nil> 0 0} {11 1 1} {12 2 2} {13 3 3}]
2023/10/17 22:53:05 Term 3 Leader 1 Send all AppendEntries Log : [{<nil> 0 0} {11 1 1} {12 2 2} {13 3 3}]
2023/10/17 22:53:05 {Node 2} starts election with RequestVoteRequest &{4 2 3 3}
2023/10/17 22:53:05 {Node 0}'s state is {state 2,term 3,commitIndex 3,lastApplied 3,firstLog {<nil> 0 0},lastLog {13 3 3}} before processing requestVoteRequest &{4 2 3 3} and reply requestVoteResponse &{3 true}
2023/10/17 22:53:05 {Node 2} receives RequestVoteResponse &{4 2 3 3} from {Node [0xc000241b00 0xc000241b20 0xc000241b40]} after sending RequestVoteRequest &{3 true} in term 4
2023/10/17 22:53:05 Term 4 Leader 2 Send all AppendEntries Log : [{<nil> 0 0} {11 1 1} {12 2 2} {13 3 3}]
2023/10/17 22:53:05 {Node 0}'s state is {state 2,term 4,commitIndex 3,lastApplied 3,firstLog {<nil> 0 0},lastLog {13 3 3}} before processing AppendEntriesRequest &{4 2 3 3 [] 3} and reply AppendEntriesResponse &{4 true 0 0}
2023/10/17 22:53:05 Term 3 Leader 1 Send all AppendEntries Log : [{<nil> 0 0} {11 1 1} {12 2 2} {13 3 3}]
2023/10/17 22:53:05 Term 4 Leader 2 Send all AppendEntries Log : [{<nil> 0 0} {11 1 1} {12 2 2} {13 3 3} {14 4 4}]
2023/10/17 22:53:05 {Node 0}'s state is {state 2,term 4,commitIndex 3,lastApplied 3,firstLog {<nil> 0 0},lastLog {13 3 3}} before processing AppendEntriesRequest &{4 2 3 3 [{14 4 4}] 3} and reply AppendEntriesResponse &{4 true 0 0}
2023/10/17 22:53:05 Term 3 Leader 1 Send all AppendEntries Log : [{<nil> 0 0} {11 1 1} {12 2 2} {13 3 3}]
2023/10/17 22:53:05 Term 4 Leader 2 Send all AppendEntries Log : [{<nil> 0 0} {11 1 1} {12 2 2} {13 3 3} {14 4 4}]
2023/10/17 22:53:05 {Node 0}'s state is {state 2,term 4,commitIndex 3,lastApplied 3,firstLog {<nil> 0 0},lastLog {14 4 4}} before processing AppendEntriesRequest &{4 2 4 4 [] 3} and reply AppendEntriesResponse &{4 true 0 0}
2023/10/17 22:53:05 Term 3 Leader 1 Send all AppendEntries Log : [{<nil> 0 0} {11 1 1} {12 2 2} {13 3 3}]
2023/10/17 22:53:05 Term 4 Leader 2 Send all AppendEntries Log : [{<nil> 0 0} {11 1 1} {12 2 2} {13 3 3} {14 4 4}]
2023/10/17 22:53:05 {Node 0}'s state is {state 2,term 4,commitIndex 3,lastApplied 3,firstLog {<nil> 0 0},lastLog {14 4 4}} before processing AppendEntriesRequest &{4 2 4 4 [] 4} and reply AppendEntriesResponse &{4 true 0 0}
2023/10/17 22:53:05 Term 3 Leader 1 Send all AppendEntries Log : [{<nil> 0 0} {11 1 1} {12 2 2} {13 3 3}]
2023/10/17 22:53:05 Term 4 Leader 2 Send all AppendEntries Log : [{<nil> 0 0} {11 1 1} {12 2 2} {13 3 3} {14 4 4}]
2023/10/17 22:53:05 {Node 0}'s state is {state 2,term 4,commitIndex 4,lastApplied 3,firstLog {<nil> 0 0},lastLog {14 4 4}} before processing AppendEntriesRequest &{4 2 4 4 [] 4} and reply AppendEntriesResponse &{4 true 0 0}
2023/10/17 22:53:05 Term 3 Leader 1 Send all AppendEntries Log : [{<nil> 0 0} {11 1 1} {12 2 2} {13 3 3}]
2023/10/17 22:53:05 Term 4 Leader 2 Send all AppendEntries Log : [{<nil> 0 0} {11 1 1} {12 2 2} {13 3 3} {14 4 4}]
2023/10/17 22:53:05 {Node 0}'s state is {state 2,term 4,commitIndex 4,lastApplied 3,firstLog {<nil> 0 0},lastLog {14 4 4}} before processing AppendEntriesRequest &{4 2 4 4 [] 4} and reply AppendEntriesResponse &{4 true 0 0}
2023/10/17 22:53:05 Term 3 Leader 1 Send all AppendEntries Log : [{<nil> 0 0} {11 1 1} {12 2 2} {13 3 3}]
2023/10/17 22:53:05 Term 4 Leader 2 Send all AppendEntries Log : [{<nil> 0 0} {11 1 1} {12 2 2} {13 3 3} {14 4 4}]
2023/10/17 22:53:05 {Node 0}'s state is {state 2,term 4,commitIndex 4,lastApplied 4,firstLog {<nil> 0 0},lastLog {14 4 4}} before processing AppendEntriesRequest &{4 2 4 4 [] 4} and reply AppendEntriesResponse &{4 true 0 0}
2023/10/17 22:53:05 Term 4 Leader 2 Send all AppendEntries Log : [{<nil> 0 0} {11 1 1} {12 2 2} {13 3 3} {14 4 4}]
2023/10/17 22:53:05 {Node 0}'s state is {state 2,term 4,commitIndex 4,lastApplied 4,firstLog {<nil> 0 0},lastLog {14 4 4}} before processing AppendEntriesRequest &{4 2 4 4 [] 4} and reply AppendEntriesResponse &{4 true 0 0}
2023/10/17 22:53:05 {Node 1}'s state is {state 2,term 3,commitIndex 0,lastApplied 0,firstLog {<nil> 0 0},lastLog {13 3 3}} before processing AppendEntriesRequest &{4 2 3 3 [{14 4 4}] 4} and reply AppendEntriesResponse &{3 true 0 0}
2023/10/17 22:53:05 Term 4 Leader 2 Send all AppendEntries Log : [{<nil> 0 0} {11 1 1} {12 2 2} {13 3 3} {14 4 4}]
2023/10/17 22:53:05 {Node 0}'s state is {state 2,term 4,commitIndex 4,lastApplied 4,firstLog {<nil> 0 0},lastLog {14 4 4}} before processing AppendEntriesRequest &{4 2 4 4 [] 4} and reply AppendEntriesResponse &{4 true 0 0}
2023/10/17 22:53:05 {Node 1}'s state is {state 2,term 4,commitIndex 4,lastApplied 0,firstLog {<nil> 0 0},lastLog {14 4 4}} before processing AppendEntriesRequest &{4 2 4 4 [] 4} and reply AppendEntriesResponse &{4 true 0 0}
2023/10/17 22:53:06 Term 4 Leader 2 Send all AppendEntries Log : [{<nil> 0 0} {11 1 1} {12 2 2} {13 3 3} {14 4 4}]
2023/10/17 22:53:06 {Node 0}'s state is {state 2,term 4,commitIndex 4,lastApplied 4,firstLog {<nil> 0 0},lastLog {14 4 4}} before processing AppendEntriesRequest &{4 2 4 4 [] 4} and reply AppendEntriesResponse &{4 true 0 0}
2023/10/17 22:53:06 {Node 1}'s state is {state 2,term 4,commitIndex 4,lastApplied 0,firstLog {<nil> 0 0},lastLog {14 4 4}} before processing AppendEntriesRequest &{4 2 4 4 [] 4} and reply AppendEntriesResponse &{4 true 0 0}
2023/10/17 22:53:06 Term 4 Leader 2 Send all AppendEntries Log : [{<nil> 0 0} {11 1 1} {12 2 2} {13 3 3} {14 4 4}]
2023/10/17 22:53:06 {Node 0}'s state is {state 2,term 4,commitIndex 4,lastApplied 4,firstLog {<nil> 0 0},lastLog {14 4 4}} before processing AppendEntriesRequest &{4 2 4 4 [] 4} and reply AppendEntriesResponse &{4 true 0 0}
2023/10/17 22:53:06 {Node 1}'s state is {state 2,term 4,commitIndex 4,lastApplied 0,firstLog {<nil> 0 0},lastLog {14 4 4}} before processing AppendEntriesRequest &{4 2 4 4 [] 4} and reply AppendEntriesResponse &{4 true 0 0}
2023/10/17 22:53:06 Term 4 Leader 2 Send all AppendEntries Log : [{<nil> 0 0} {11 1 1} {12 2 2} {13 3 3} {14 4 4}]
2023/10/17 22:53:06 {Node 0}'s state is {state 2,term 4,commitIndex 4,lastApplied 4,firstLog {<nil> 0 0},lastLog {14 4 4}} before processing AppendEntriesRequest &{4 2 4 4 [] 4} and reply AppendEntriesResponse &{4 true 0 0}
2023/10/17 22:53:06 {Node 1}'s state is {state 2,term 4,commitIndex 4,lastApplied 0,firstLog {<nil> 0 0},lastLog {14 4 4}} before processing AppendEntriesRequest &{4 2 4 4 [] 4} and reply AppendEntriesResponse &{4 true 0 0}
2023/10/17 22:53:06 Term 4 Leader 2 Send all AppendEntries Log : [{<nil> 0 0} {11 1 1} {12 2 2} {13 3 3} {14 4 4}]
2023/10/17 22:53:06 {Node 1}'s state is {state 2,term 4,commitIndex 4,lastApplied 4,firstLog {<nil> 0 0},lastLog {14 4 4}} before processing AppendEntriesRequest &{4 2 4 4 [] 4} and reply AppendEntriesResponse &{4 true 0 0}
2023/10/17 22:53:06 {Node 0}'s state is {state 2,term 4,commitIndex 4,lastApplied 4,firstLog {<nil> 0 0},lastLog {14 4 4}} before processing AppendEntriesRequest &{4 2 4 4 [] 4} and reply AppendEntriesResponse &{4 true 0 0}
2023/10/17 22:53:06 Term 4 Leader 2 Send all AppendEntries Log : [{<nil> 0 0} {11 1 1} {12 2 2} {13 3 3} {14 4 4}]
2023/10/17 22:53:06 {Node 0}'s state is {state 2,term 4,commitIndex 4,lastApplied 4,firstLog {<nil> 0 0},lastLog {14 4 4}} before processing AppendEntriesRequest &{4 2 4 4 [] 4} and reply AppendEntriesResponse &{4 true 0 0}
2023/10/17 22:53:06 {Node 1}'s state is {state 2,term 4,commitIndex 4,lastApplied 4,firstLog {<nil> 0 0},lastLog {14 4 4}} before processing AppendEntriesRequest &{4 2 4 4 [] 4} and reply AppendEntriesResponse &{4 true 0 0}
2023/10/17 22:53:06 Term 4 Leader 2 Send all AppendEntries Log : [{<nil> 0 0} {11 1 1} {12 2 2} {13 3 3} {14 4 4}]
2023/10/17 22:53:06 {Node 1}'s state is {state 2,term 4,commitIndex 4,lastApplied 4,firstLog {<nil> 0 0},lastLog {14 4 4}} before processing AppendEntriesRequest &{4 2 4 4 [] 4} and reply AppendEntriesResponse &{4 true 0 0}
2023/10/17 22:53:06 {Node 0}'s state is {state 2,term 4,commitIndex 4,lastApplied 4,firstLog {<nil> 0 0},lastLog {14 4 4}} before processing AppendEntriesRequest &{4 2 4 4 [] 4} and reply AppendEntriesResponse &{4 true 0 0}
2023/10/17 22:53:06 Term 4 Leader 2 Send all AppendEntries Log : [{<nil> 0 0} {11 1 1} {12 2 2} {13 3 3} {14 4 4}]
2023/10/17 22:53:06 {Node 1}'s state is {state 2,term 4,commitIndex 4,lastApplied 4,firstLog {<nil> 0 0},lastLog {14 4 4}} before processing AppendEntriesRequest &{4 2 4 4 [] 4} and reply AppendEntriesResponse &{4 true 0 0}
2023/10/17 22:53:06 {Node 0}'s state is {state 2,term 4,commitIndex 4,lastApplied 4,firstLog {<nil> 0 0},lastLog {14 4 4}} before processing AppendEntriesRequest &{4 2 4 4 [] 4} and reply AppendEntriesResponse &{4 true 0 0}
2023/10/17 22:53:06 Term 4 Leader 2 Send all AppendEntries Log : [{<nil> 0 0} {11 1 1} {12 2 2} {13 3 3} {14 4 4}]
2023/10/17 22:53:06 {Node 0}'s state is {state 2,term 4,commitIndex 4,lastApplied 4,firstLog {<nil> 0 0},lastLog {14 4 4}} before processing AppendEntriesRequest &{4 2 4 4 [] 4} and reply AppendEntriesResponse &{4 true 0 0}
2023/10/17 22:53:06 {Node 1}'s state is {state 2,term 4,commitIndex 4,lastApplied 4,firstLog {<nil> 0 0},lastLog {14 4 4}} before processing AppendEntriesRequest &{4 2 4 4 [] 4} and reply AppendEntriesResponse &{4 true 0 0}
2023/10/17 22:53:06 Term 4 Leader 2 Send all AppendEntries Log : [{<nil> 0 0} {11 1 1} {12 2 2} {13 3 3} {14 4 4}]
2023/10/17 22:53:06 {Node 1}'s state is {state 2,term 4,commitIndex 4,lastApplied 4,firstLog {<nil> 0 0},lastLog {14 4 4}} before processing AppendEntriesRequest &{4 2 4 4 [] 4} and reply AppendEntriesResponse &{4 true 0 0}
2023/10/17 22:53:06 {Node 0}'s state is {state 2,term 4,commitIndex 4,lastApplied 4,firstLog {<nil> 0 0},lastLog {14 4 4}} before processing AppendEntriesRequest &{4 2 4 4 [] 4} and reply AppendEntriesResponse &{4 true 0 0}
2023/10/17 22:53:06 Term 4 Leader 2 Send all AppendEntries Log : [{<nil> 0 0} {11 1 1} {12 2 2} {13 3 3} {14 4 4} {15 4 5}]
2023/10/17 22:53:06 {Node 1}'s state is {state 2,term 4,commitIndex 4,lastApplied 4,firstLog {<nil> 0 0},lastLog {14 4 4}} before processing AppendEntriesRequest &{4 2 4 4 [{15 4 5}] 4} and reply AppendEntriesResponse &{4 true 0 0}
2023/10/17 22:53:07 Term 4 Leader 2 Send all AppendEntries Log : [{<nil> 0 0} {11 1 1} {12 2 2} {13 3 3} {14 4 4} {15 4 5}]
2023/10/17 22:53:07 {Node 1}'s state is {state 2,term 4,commitIndex 4,lastApplied 4,firstLog {<nil> 0 0},lastLog {15 4 5}} before processing AppendEntriesRequest &{4 2 5 4 [] 4} and reply AppendEntriesResponse &{4 true 0 0}
2023/10/17 22:53:07 Term 4 Leader 2 Send all AppendEntries Log : [{<nil> 0 0} {11 1 1} {12 2 2} {13 3 3} {14 4 4} {15 4 5}]
2023/10/17 22:53:07 {Node 1}'s state is {state 2,term 4,commitIndex 4,lastApplied 4,firstLog {<nil> 0 0},lastLog {15 4 5}} before processing AppendEntriesRequest &{4 2 5 4 [] 5} and reply AppendEntriesResponse &{4 true 0 0}
2023/10/17 22:53:07 Term 4 Leader 2 Send all AppendEntries Log : [{<nil> 0 0} {11 1 1} {12 2 2} {13 3 3} {14 4 4} {15 4 5}]
2023/10/17 22:53:07 {Node 1}'s state is {state 2,term 4,commitIndex 5,lastApplied 4,firstLog {<nil> 0 0},lastLog {15 4 5}} before processing AppendEntriesRequest &{4 2 5 4 [] 5} and reply AppendEntriesResponse &{4 true 0 0}
2023/10/17 22:53:07 Term 4 Leader 2 Send all AppendEntries Log : [{<nil> 0 0} {11 1 1} {12 2 2} {13 3 3} {14 4 4} {15 4 5} {16 4 6}]
2023/10/17 22:53:07 {Node 0}'s state is {state 2,term 4,commitIndex 0,lastApplied 0,firstLog {<nil> 0 0},lastLog {14 4 4}} before processing AppendEntriesRequest &{4 2 4 4 [{15 4 5} {16 4 6}] 5} and reply AppendEntriesResponse &{4 true 0 0}
2023/10/17 22:53:07 {Node 1}'s state is {state 2,term 4,commitIndex 5,lastApplied 5,firstLog {<nil> 0 0},lastLog {15 4 5}} before processing AppendEntriesRequest &{4 2 5 4 [{16 4 6}] 5} and reply AppendEntriesResponse &{4 true 0 0}
2023/10/17 22:53:07 Term 4 Leader 2 Send all AppendEntries Log : [{<nil> 0 0} {11 1 1} {12 2 2} {13 3 3} {14 4 4} {15 4 5} {16 4 6}]
2023/10/17 22:53:07 {Node 1}'s state is {state 2,term 4,commitIndex 5,lastApplied 5,firstLog {<nil> 0 0},lastLog {16 4 6}} before processing AppendEntriesRequest &{4 2 6 4 [] 5} and reply AppendEntriesResponse &{4 true 0 0}
2023/10/17 22:53:07 {Node 0}'s state is {state 2,term 4,commitIndex 5,lastApplied 0,firstLog {<nil> 0 0},lastLog {16 4 6}} before processing AppendEntriesRequest &{4 2 6 4 [] 5} and reply AppendEntriesResponse &{4 true 0 0}
2023/10/17 22:53:07 Term 4 Leader 2 Send all AppendEntries Log : [{<nil> 0 0} {11 1 1} {12 2 2} {13 3 3} {14 4 4} {15 4 5} {16 4 6}]
2023/10/17 22:53:07 {Node 1}'s state is {state 2,term 4,commitIndex 5,lastApplied 5,firstLog {<nil> 0 0},lastLog {16 4 6}} before processing AppendEntriesRequest &{4 2 6 4 [] 6} and reply AppendEntriesResponse &{4 true 0 0}
2023/10/17 22:53:07 {Node 0}'s state is {state 2,term 4,commitIndex 5,lastApplied 0,firstLog {<nil> 0 0},lastLog {16 4 6}} before processing AppendEntriesRequest &{4 2 6 4 [] 6} and reply AppendEntriesResponse &{4 true 0 0}
2023/10/17 22:53:07 Term 4 Leader 2 Send all AppendEntries Log : [{<nil> 0 0} {11 1 1} {12 2 2} {13 3 3} {14 4 4} {15 4 5} {16 4 6}]
2023/10/17 22:53:07 {Node 0}'s state is {state 2,term 4,commitIndex 6,lastApplied 0,firstLog {<nil> 0 0},lastLog {16 4 6}} before processing AppendEntriesRequest &{4 2 6 4 [] 6} and reply AppendEntriesResponse &{4 true 0 0}
2023/10/17 22:53:07 {Node 1}'s state is {state 2,term 4,commitIndex 6,lastApplied 5,firstLog {<nil> 0 0},lastLog {16 4 6}} before processing AppendEntriesRequest &{4 2 6 4 [] 6} and reply AppendEntriesResponse &{4 true 0 0}
2023/10/17 22:53:07 Term 4 Leader 2 Send all AppendEntries Log : [{<nil> 0 0} {11 1 1} {12 2 2} {13 3 3} {14 4 4} {15 4 5} {16 4 6}]
2023/10/17 22:53:07 {Node 0}'s state is {state 2,term 4,commitIndex 6,lastApplied 0,firstLog {<nil> 0 0},lastLog {16 4 6}} before processing AppendEntriesRequest &{4 2 6 4 [] 6} and reply AppendEntriesResponse &{4 true 0 0}
2023/10/17 22:53:07 {Node 1}'s state is {state 2,term 4,commitIndex 6,lastApplied 5,firstLog {<nil> 0 0},lastLog {16 4 6}} before processing AppendEntriesRequest &{4 2 6 4 [] 6} and reply AppendEntriesResponse &{4 true 0 0}
  ... Passed --   7.1  3  140   37847    6
Test (2C): more persistence ...
2023/10/17 22:53:08 {Node 1} starts election with RequestVoteRequest &{1 1 0 0}
2023/10/17 22:53:08 {Node 4}'s state is {state 2,term 0,commitIndex 0,lastApplied 0,firstLog {<nil> 0 0},lastLog {<nil> 0 0}} before processing requestVoteRequest &{1 1 0 0} and reply requestVoteResponse &{0 true}
2023/10/17 22:53:08 {Node 3}'s state is {state 2,term 0,commitIndex 0,lastApplied 0,firstLog {<nil> 0 0},lastLog {<nil> 0 0}} before processing requestVoteRequest &{1 1 0 0} and reply requestVoteResponse &{0 true}
2023/10/17 22:53:08 {Node 0}'s state is {state 2,term 0,commitIndex 0,lastApplied 0,firstLog {<nil> 0 0},lastLog {<nil> 0 0}} before processing requestVoteRequest &{1 1 0 0} and reply requestVoteResponse &{0 true}
2023/10/17 22:53:08 {Node 2}'s state is {state 2,term 0,commitIndex 0,lastApplied 0,firstLog {<nil> 0 0},lastLog {<nil> 0 0}} before processing requestVoteRequest &{1 1 0 0} and reply requestVoteResponse &{0 true}
2023/10/17 22:53:08 {Node 1} receives RequestVoteResponse &{1 1 0 0} from {Node [0xc00037c160 0xc00037c180 0xc00037c1a0 0xc00037c1c0 0xc00037c1e0]} after sending RequestVoteRequest &{0 true} in term 1
2023/10/17 22:53:08 {Node 1} receives RequestVoteResponse &{1 1 0 0} from {Node [0xc00037c160 0xc00037c180 0xc00037c1a0 0xc00037c1c0 0xc00037c1e0]} after sending RequestVoteRequest &{0 true} in term 1
2023/10/17 22:53:08 {Node 1} receives RequestVoteResponse &{1 1 0 0} from {Node [0xc00037c160 0xc00037c180 0xc00037c1a0 0xc00037c1c0 0xc00037c1e0]} after sending RequestVoteRequest &{0 true} in term 1
2023/10/17 22:53:08 {Node 1} receives RequestVoteResponse &{1 1 0 0} from {Node [0xc00037c160 0xc00037c180 0xc00037c1a0 0xc00037c1c0 0xc00037c1e0]} after sending RequestVoteRequest &{0 true} in term 1
2023/10/17 22:53:08 Term 1 Leader 1 Send all AppendEntries Log : [{<nil> 0 0}]
2023/10/17 22:53:08 {Node 3}'s state is {state 2,term 1,commitIndex 0,lastApplied 0,firstLog {<nil> 0 0},lastLog {<nil> 0 0}} before processing AppendEntriesRequest &{1 1 0 0 [] 0} and reply AppendEntriesResponse &{1 true 0 0}
2023/10/17 22:53:08 {Node 4}'s state is {state 2,term 1,commitIndex 0,lastApplied 0,firstLog {<nil> 0 0},lastLog {<nil> 0 0}} before processing AppendEntriesRequest &{1 1 0 0 [] 0} and reply AppendEntriesResponse &{1 true 0 0}
2023/10/17 22:53:08 {Node 0}'s state is {state 2,term 1,commitIndex 0,lastApplied 0,firstLog {<nil> 0 0},lastLog {<nil> 0 0}} before processing AppendEntriesRequest &{1 1 0 0 [] 0} and reply AppendEntriesResponse &{1 true 0 0}
2023/10/17 22:53:08 {Node 2}'s state is {state 2,term 1,commitIndex 0,lastApplied 0,firstLog {<nil> 0 0},lastLog {<nil> 0 0}} before processing AppendEntriesRequest &{1 1 0 0 [] 0} and reply AppendEntriesResponse &{1 true 0 0}
2023/10/17 22:53:08 Term 1 Leader 1 Send all AppendEntries Log : [{<nil> 0 0} {11 1 1}]
2023/10/17 22:53:08 {Node 4}'s state is {state 2,term 1,commitIndex 0,lastApplied 0,firstLog {<nil> 0 0},lastLog {<nil> 0 0}} before processing AppendEntriesRequest &{1 1 0 0 [{11 1 1}] 0} and reply AppendEntriesResponse &{1 true 0 0}
2023/10/17 22:53:08 {Node 2}'s state is {state 2,term 1,commitIndex 0,lastApplied 0,firstLog {<nil> 0 0},lastLog {<nil> 0 0}} before processing AppendEntriesRequest &{1 1 0 0 [{11 1 1}] 0} and reply AppendEntriesResponse &{1 true 0 0}
2023/10/17 22:53:08 {Node 3}'s state is {state 2,term 1,commitIndex 0,lastApplied 0,firstLog {<nil> 0 0},lastLog {<nil> 0 0}} before processing AppendEntriesRequest &{1 1 0 0 [{11 1 1}] 0} and reply AppendEntriesResponse &{1 true 0 0}
2023/10/17 22:53:08 {Node 0}'s state is {state 2,term 1,commitIndex 0,lastApplied 0,firstLog {<nil> 0 0},lastLog {<nil> 0 0}} before processing AppendEntriesRequest &{1 1 0 0 [{11 1 1}] 0} and reply AppendEntriesResponse &{1 true 0 0}
2023/10/17 22:53:08 Term 1 Leader 1 Send all AppendEntries Log : [{<nil> 0 0} {11 1 1}]
2023/10/17 22:53:08 {Node 0}'s state is {state 2,term 1,commitIndex 0,lastApplied 0,firstLog {<nil> 0 0},lastLog {11 1 1}} before processing AppendEntriesRequest &{1 1 1 1 [] 0} and reply AppendEntriesResponse &{1 true 0 0}
2023/10/17 22:53:08 {Node 4}'s state is {state 2,term 1,commitIndex 0,lastApplied 0,firstLog {<nil> 0 0},lastLog {11 1 1}} before processing AppendEntriesRequest &{1 1 1 1 [] 0} and reply AppendEntriesResponse &{1 true 0 0}
2023/10/17 22:53:08 {Node 2}'s state is {state 2,term 1,commitIndex 0,lastApplied 0,firstLog {<nil> 0 0},lastLog {11 1 1}} before processing AppendEntriesRequest &{1 1 1 1 [] 0} and reply AppendEntriesResponse &{1 true 0 0}
2023/10/17 22:53:08 {Node 3}'s state is {state 2,term 1,commitIndex 0,lastApplied 0,firstLog {<nil> 0 0},lastLog {11 1 1}} before processing AppendEntriesRequest &{1 1 1 1 [] 0} and reply AppendEntriesResponse &{1 true 0 0}
2023/10/17 22:53:08 Term 1 Leader 1 Send all AppendEntries Log : [{<nil> 0 0} {11 1 1}]
2023/10/17 22:53:08 {Node 4}'s state is {state 2,term 1,commitIndex 0,lastApplied 0,firstLog {<nil> 0 0},lastLog {11 1 1}} before processing AppendEntriesRequest &{1 1 1 1 [] 1} and reply AppendEntriesResponse &{1 true 0 0}
2023/10/17 22:53:08 {Node 3}'s state is {state 2,term 1,commitIndex 0,lastApplied 0,firstLog {<nil> 0 0},lastLog {11 1 1}} before processing AppendEntriesRequest &{1 1 1 1 [] 1} and reply AppendEntriesResponse &{1 true 0 0}
2023/10/17 22:53:08 {Node 2}'s state is {state 2,term 1,commitIndex 0,lastApplied 0,firstLog {<nil> 0 0},lastLog {11 1 1}} before processing AppendEntriesRequest &{1 1 1 1 [] 1} and reply AppendEntriesResponse &{1 true 0 0}
2023/10/17 22:53:08 {Node 0}'s state is {state 2,term 1,commitIndex 0,lastApplied 0,firstLog {<nil> 0 0},lastLog {11 1 1}} before processing AppendEntriesRequest &{1 1 1 1 [] 1} and reply AppendEntriesResponse &{1 true 0 0}
2023/10/17 22:53:08 Term 1 Leader 1 Send all AppendEntries Log : [{<nil> 0 0} {11 1 1}]
2023/10/17 22:53:08 {Node 0}'s state is {state 2,term 1,commitIndex 1,lastApplied 0,firstLog {<nil> 0 0},lastLog {11 1 1}} before processing AppendEntriesRequest &{1 1 1 1 [] 1} and reply AppendEntriesResponse &{1 true 0 0}
2023/10/17 22:53:08 {Node 4}'s state is {state 2,term 1,commitIndex 1,lastApplied 0,firstLog {<nil> 0 0},lastLog {11 1 1}} before processing AppendEntriesRequest &{1 1 1 1 [] 1} and reply AppendEntriesResponse &{1 true 0 0}
2023/10/17 22:53:08 {Node 2}'s state is {state 2,term 1,commitIndex 1,lastApplied 0,firstLog {<nil> 0 0},lastLog {11 1 1}} before processing AppendEntriesRequest &{1 1 1 1 [] 1} and reply AppendEntriesResponse &{1 true 0 0}
2023/10/17 22:53:08 {Node 3}'s state is {state 2,term 1,commitIndex 1,lastApplied 0,firstLog {<nil> 0 0},lastLog {11 1 1}} before processing AppendEntriesRequest &{1 1 1 1 [] 1} and reply AppendEntriesResponse &{1 true 0 0}
2023/10/17 22:53:08 Term 1 Leader 1 Send all AppendEntries Log : [{<nil> 0 0} {11 1 1}]
2023/10/17 22:53:08 {Node 0}'s state is {state 2,term 1,commitIndex 1,lastApplied 0,firstLog {<nil> 0 0},lastLog {11 1 1}} before processing AppendEntriesRequest &{1 1 1 1 [] 1} and reply AppendEntriesResponse &{1 true 0 0}
2023/10/17 22:53:08 {Node 3}'s state is {state 2,term 1,commitIndex 1,lastApplied 0,firstLog {<nil> 0 0},lastLog {11 1 1}} before processing AppendEntriesRequest &{1 1 1 1 [] 1} and reply AppendEntriesResponse &{1 true 0 0}
2023/10/17 22:53:08 {Node 2}'s state is {state 2,term 1,commitIndex 1,lastApplied 0,firstLog {<nil> 0 0},lastLog {11 1 1}} before processing AppendEntriesRequest &{1 1 1 1 [] 1} and reply AppendEntriesResponse &{1 true 0 0}
2023/10/17 22:53:08 {Node 4}'s state is {state 2,term 1,commitIndex 1,lastApplied 0,firstLog {<nil> 0 0},lastLog {11 1 1}} before processing AppendEntriesRequest &{1 1 1 1 [] 1} and reply AppendEntriesResponse &{1 true 0 0}
2023/10/17 22:53:08 Term 1 Leader 1 Send all AppendEntries Log : [{<nil> 0 0} {11 1 1}]
2023/10/17 22:53:08 {Node 0}'s state is {state 2,term 1,commitIndex 1,lastApplied 1,firstLog {<nil> 0 0},lastLog {11 1 1}} before processing AppendEntriesRequest &{1 1 1 1 [] 1} and reply AppendEntriesResponse &{1 true 0 0}
2023/10/17 22:53:08 {Node 2}'s state is {state 2,term 1,commitIndex 1,lastApplied 1,firstLog {<nil> 0 0},lastLog {11 1 1}} before processing AppendEntriesRequest &{1 1 1 1 [] 1} and reply AppendEntriesResponse &{1 true 0 0}
2023/10/17 22:53:08 {Node 4}'s state is {state 2,term 1,commitIndex 1,lastApplied 1,firstLog {<nil> 0 0},lastLog {11 1 1}} before processing AppendEntriesRequest &{1 1 1 1 [] 1} and reply AppendEntriesResponse &{1 true 0 0}
2023/10/17 22:53:08 {Node 3}'s state is {state 2,term 1,commitIndex 1,lastApplied 1,firstLog {<nil> 0 0},lastLog {11 1 1}} before processing AppendEntriesRequest &{1 1 1 1 [] 1} and reply AppendEntriesResponse &{1 true 0 0}
2023/10/17 22:53:08 Term 1 Leader 1 Send all AppendEntries Log : [{<nil> 0 0} {11 1 1}]
2023/10/17 22:53:08 {Node 3}'s state is {state 2,term 1,commitIndex 1,lastApplied 1,firstLog {<nil> 0 0},lastLog {11 1 1}} before processing AppendEntriesRequest &{1 1 1 1 [] 1} and reply AppendEntriesResponse &{1 true 0 0}
2023/10/17 22:53:08 {Node 4}'s state is {state 2,term 1,commitIndex 1,lastApplied 1,firstLog {<nil> 0 0},lastLog {11 1 1}} before processing AppendEntriesRequest &{1 1 1 1 [] 1} and reply AppendEntriesResponse &{1 true 0 0}
2023/10/17 22:53:08 {Node 2}'s state is {state 2,term 1,commitIndex 1,lastApplied 1,firstLog {<nil> 0 0},lastLog {11 1 1}} before processing AppendEntriesRequest &{1 1 1 1 [] 1} and reply AppendEntriesResponse &{1 true 0 0}
2023/10/17 22:53:08 {Node 0}'s state is {state 2,term 1,commitIndex 1,lastApplied 1,firstLog {<nil> 0 0},lastLog {11 1 1}} before processing AppendEntriesRequest &{1 1 1 1 [] 1} and reply AppendEntriesResponse &{1 true 0 0}
2023/10/17 22:53:08 Term 1 Leader 1 Send all AppendEntries Log : [{<nil> 0 0} {11 1 1}]
2023/10/17 22:53:08 {Node 0}'s state is {state 2,term 1,commitIndex 1,lastApplied 1,firstLog {<nil> 0 0},lastLog {11 1 1}} before processing AppendEntriesRequest &{1 1 1 1 [] 1} and reply AppendEntriesResponse &{1 true 0 0}
2023/10/17 22:53:08 {Node 4}'s state is {state 2,term 1,commitIndex 1,lastApplied 1,firstLog {<nil> 0 0},lastLog {11 1 1}} before processing AppendEntriesRequest &{1 1 1 1 [] 1} and reply AppendEntriesResponse &{1 true 0 0}
2023/10/17 22:53:08 {Node 2}'s state is {state 2,term 1,commitIndex 1,lastApplied 1,firstLog {<nil> 0 0},lastLog {11 1 1}} before processing AppendEntriesRequest &{1 1 1 1 [] 1} and reply AppendEntriesResponse &{1 true 0 0}
2023/10/17 22:53:08 {Node 3}'s state is {state 2,term 1,commitIndex 1,lastApplied 1,firstLog {<nil> 0 0},lastLog {11 1 1}} before processing AppendEntriesRequest &{1 1 1 1 [] 1} and reply AppendEntriesResponse &{1 true 0 0}
2023/10/17 22:53:09 Term 1 Leader 1 Send all AppendEntries Log : [{<nil> 0 0} {11 1 1}]
2023/10/17 22:53:09 {Node 3}'s state is {state 2,term 1,commitIndex 1,lastApplied 1,firstLog {<nil> 0 0},lastLog {11 1 1}} before processing AppendEntriesRequest &{1 1 1 1 [] 1} and reply AppendEntriesResponse &{1 true 0 0}
2023/10/17 22:53:09 {Node 0}'s state is {state 2,term 1,commitIndex 1,lastApplied 1,firstLog {<nil> 0 0},lastLog {11 1 1}} before processing AppendEntriesRequest &{1 1 1 1 [] 1} and reply AppendEntriesResponse &{1 true 0 0}
2023/10/17 22:53:09 {Node 2}'s state is {state 2,term 1,commitIndex 1,lastApplied 1,firstLog {<nil> 0 0},lastLog {11 1 1}} before processing AppendEntriesRequest &{1 1 1 1 [] 1} and reply AppendEntriesResponse &{1 true 0 0}
2023/10/17 22:53:09 {Node 4}'s state is {state 2,term 1,commitIndex 1,lastApplied 1,firstLog {<nil> 0 0},lastLog {11 1 1}} before processing AppendEntriesRequest &{1 1 1 1 [] 1} and reply AppendEntriesResponse &{1 true 0 0}
2023/10/17 22:53:09 Term 1 Leader 1 Send all AppendEntries Log : [{<nil> 0 0} {11 1 1}]
2023/10/17 22:53:09 {Node 4}'s state is {state 2,term 1,commitIndex 1,lastApplied 1,firstLog {<nil> 0 0},lastLog {11 1 1}} before processing AppendEntriesRequest &{1 1 1 1 [] 1} and reply AppendEntriesResponse &{1 true 0 0}
2023/10/17 22:53:09 {Node 0}'s state is {state 2,term 1,commitIndex 1,lastApplied 1,firstLog {<nil> 0 0},lastLog {11 1 1}} before processing AppendEntriesRequest &{1 1 1 1 [] 1} and reply AppendEntriesResponse &{1 true 0 0}
2023/10/17 22:53:09 {Node 2}'s state is {state 2,term 1,commitIndex 1,lastApplied 1,firstLog {<nil> 0 0},lastLog {11 1 1}} before processing AppendEntriesRequest &{1 1 1 1 [] 1} and reply AppendEntriesResponse &{1 true 0 0}
2023/10/17 22:53:09 {Node 3}'s state is {state 2,term 1,commitIndex 1,lastApplied 1,firstLog {<nil> 0 0},lastLog {11 1 1}} before processing AppendEntriesRequest &{1 1 1 1 [] 1} and reply AppendEntriesResponse &{1 true 0 0}
2023/10/17 22:53:09 Term 1 Leader 1 Send all AppendEntries Log : [{<nil> 0 0} {11 1 1} {12 1 2}]
2023/10/17 22:53:09 {Node 4}'s state is {state 2,term 1,commitIndex 1,lastApplied 1,firstLog {<nil> 0 0},lastLog {11 1 1}} before processing AppendEntriesRequest &{1 1 1 1 [{12 1 2}] 1} and reply AppendEntriesResponse &{1 true 0 0}
2023/10/17 22:53:09 {Node 0}'s state is {state 2,term 1,commitIndex 1,lastApplied 1,firstLog {<nil> 0 0},lastLog {11 1 1}} before processing AppendEntriesRequest &{1 1 1 1 [{12 1 2}] 1} and reply AppendEntriesResponse &{1 true 0 0}
2023/10/17 22:53:09 Term 1 Leader 1 Send all AppendEntries Log : [{<nil> 0 0} {11 1 1} {12 1 2}]
2023/10/17 22:53:09 {Node 0}'s state is {state 2,term 1,commitIndex 1,lastApplied 1,firstLog {<nil> 0 0},lastLog {12 1 2}} before processing AppendEntriesRequest &{1 1 2 1 [] 1} and reply AppendEntriesResponse &{1 true 0 0}
2023/10/17 22:53:09 {Node 4}'s state is {state 2,term 1,commitIndex 1,lastApplied 1,firstLog {<nil> 0 0},lastLog {12 1 2}} before processing AppendEntriesRequest &{1 1 2 1 [] 1} and reply AppendEntriesResponse &{1 true 0 0}
2023/10/17 22:53:09 Term 1 Leader 1 Send all AppendEntries Log : [{<nil> 0 0} {11 1 1} {12 1 2}]
2023/10/17 22:53:09 {Node 4}'s state is {state 2,term 1,commitIndex 1,lastApplied 1,firstLog {<nil> 0 0},lastLog {12 1 2}} before processing AppendEntriesRequest &{1 1 2 1 [] 2} and reply AppendEntriesResponse &{1 true 0 0}
2023/10/17 22:53:09 {Node 0}'s state is {state 2,term 1,commitIndex 1,lastApplied 1,firstLog {<nil> 0 0},lastLog {12 1 2}} before processing AppendEntriesRequest &{1 1 2 1 [] 2} and reply AppendEntriesResponse &{1 true 0 0}
2023/10/17 22:53:09 Term 1 Leader 1 Send all AppendEntries Log : [{<nil> 0 0} {11 1 1} {12 1 2}]
2023/10/17 22:53:09 {Node 0}'s state is {state 2,term 1,commitIndex 2,lastApplied 1,firstLog {<nil> 0 0},lastLog {12 1 2}} before processing AppendEntriesRequest &{1 1 2 1 [] 2} and reply AppendEntriesResponse &{1 true 0 0}
2023/10/17 22:53:09 {Node 4}'s state is {state 2,term 1,commitIndex 2,lastApplied 1,firstLog {<nil> 0 0},lastLog {12 1 2}} before processing AppendEntriesRequest &{1 1 2 1 [] 2} and reply AppendEntriesResponse &{1 true 0 0}
2023/10/17 22:53:09 {Node 2} starts election with RequestVoteRequest &{2 2 1 1}
2023/10/17 22:53:09 Term 1 Leader 1 Send all AppendEntries Log : [{<nil> 0 0} {11 1 1} {12 1 2}]
2023/10/17 22:53:09 {Node 4}'s state is {state 2,term 1,commitIndex 2,lastApplied 1,firstLog {<nil> 0 0},lastLog {12 1 2}} before processing AppendEntriesRequest &{1 1 2 1 [] 2} and reply AppendEntriesResponse &{1 true 0 0}
2023/10/17 22:53:09 {Node 0}'s state is {state 2,term 1,commitIndex 2,lastApplied 1,firstLog {<nil> 0 0},lastLog {12 1 2}} before processing AppendEntriesRequest &{1 1 2 1 [] 2} and reply AppendEntriesResponse &{1 true 0 0}
2023/10/17 22:53:09 {Node 3} starts election with RequestVoteRequest &{2 3 1 1}
2023/10/17 22:53:09 Term 1 Leader 1 Send all AppendEntries Log : [{<nil> 0 0} {11 1 1} {12 1 2}]
2023/10/17 22:53:09 Term 1 Leader 1 Send all AppendEntries Log : [{<nil> 0 0} {11 1 1} {12 1 2}]
2023/10/17 22:53:09 Term 1 Leader 1 Send all AppendEntries Log : [{<nil> 0 0} {11 1 1} {12 1 2}]
2023/10/17 22:53:10 Term 1 Leader 1 Send all AppendEntries Log : [{<nil> 0 0} {11 1 1} {12 1 2}]
2023/10/17 22:53:10 Term 1 Leader 1 Send all AppendEntries Log : [{<nil> 0 0} {11 1 1} {12 1 2}]
2023/10/17 22:53:10 {Node 4} starts election with RequestVoteRequest &{2 4 2 1}
2023/10/17 22:53:10 Term 1 Leader 1 Send all AppendEntries Log : [{<nil> 0 0} {11 1 1} {12 1 2}]
2023/10/17 22:53:10 {Node 2} starts election with RequestVoteRequest &{2 2 1 1}
2023/10/17 22:53:10 {Node 3}'s state is {state 2,term 1,commitIndex 0,lastApplied 0,firstLog {<nil> 0 0},lastLog {11 1 1}} before processing requestVoteRequest &{2 2 1 1} and reply requestVoteResponse &{1 true}
2023/10/17 22:53:10 {Node 2} receives RequestVoteResponse &{2 2 1 1} from {Node [0xc00034c1c0 0xc00034c1e0 0xc00034c200 0xc00034c220 0xc00034c240]} after sending RequestVoteRequest &{1 true} in term 2
2023/10/17 22:53:10 {Node 0} starts election with RequestVoteRequest &{2 0 2 1}
2023/10/17 22:53:10 Term 1 Leader 1 Send all AppendEntries Log : [{<nil> 0 0} {11 1 1} {12 1 2}]
2023/10/17 22:53:10 Term 1 Leader 1 Send all AppendEntries Log : [{<nil> 0 0} {11 1 1} {12 1 2}]
2023/10/17 22:53:10 Term 1 Leader 1 Send all AppendEntries Log : [{<nil> 0 0} {11 1 1} {12 1 2}]
2023/10/17 22:53:10 Term 1 Leader 1 Send all AppendEntries Log : [{<nil> 0 0} {11 1 1} {12 1 2}]
2023/10/17 22:53:10 Term 1 Leader 1 Send all AppendEntries Log : [{<nil> 0 0} {11 1 1} {12 1 2}]
2023/10/17 22:53:10 {Node 3} starts election with RequestVoteRequest &{3 3 1 1}
2023/10/17 22:53:10 {Node 4}'s state is {state 2,term 1,commitIndex 0,lastApplied 0,firstLog {<nil> 0 0},lastLog {12 1 2}} before processing requestVoteRequest &{3 3 1 1} and reply requestVoteResponse &{1 false}
2023/10/17 22:53:10 {Node 2}'s state is {state 1,term 2,commitIndex 0,lastApplied 0,firstLog {<nil> 0 0},lastLog {11 1 1}} before processing requestVoteRequest &{3 3 1 1} and reply requestVoteResponse &{2 true}
2023/10/17 22:53:10 {Node 3} receives RequestVoteResponse &{3 3 1 1} from {Node [0xc00034c500 0xc00034c520 0xc00034c540 0xc00034c560 0xc00034c580]} after sending RequestVoteRequest &{1 false} in term 3
2023/10/17 22:53:10 {Node 3} receives RequestVoteResponse &{3 3 1 1} from {Node [0xc00034c500 0xc00034c520 0xc00034c540 0xc00034c560 0xc00034c580]} after sending RequestVoteRequest &{2 true} in term 3
2023/10/17 22:53:10 Term 1 Leader 1 Send all AppendEntries Log : [{<nil> 0 0} {11 1 1} {12 1 2}]
2023/10/17 22:53:10 Term 1 Leader 1 Send all AppendEntries Log : [{<nil> 0 0} {11 1 1} {12 1 2}]
2023/10/17 22:53:11 {Node 0} starts election with RequestVoteRequest &{3 0 2 1}
2023/10/17 22:53:11 Term 1 Leader 1 Send all AppendEntries Log : [{<nil> 0 0} {11 1 1} {12 1 2}]
2023/10/17 22:53:11 Term 1 Leader 1 Send all AppendEntries Log : [{<nil> 0 0} {11 1 1} {12 1 2}]
2023/10/17 22:53:11 {Node 4} starts election with RequestVoteRequest &{4 4 2 1}
2023/10/17 22:53:11 {Node 3}'s state is {state 1,term 3,commitIndex 0,lastApplied 0,firstLog {<nil> 0 0},lastLog {11 1 1}} before processing requestVoteRequest &{4 4 2 1} and reply requestVoteResponse &{3 true}
2023/10/17 22:53:11 {Node 2}'s state is {state 2,term 3,commitIndex 0,lastApplied 0,firstLog {<nil> 0 0},lastLog {11 1 1}} before processing requestVoteRequest &{4 4 2 1} and reply requestVoteResponse &{3 true}
2023/10/17 22:53:11 {Node 4} receives RequestVoteResponse &{4 4 2 1} from {Node [0xc00034ce40 0xc00034ce60 0xc00034ce80 0xc00034cea0 0xc00034cec0]} after sending RequestVoteRequest &{3 true} in term 4
2023/10/17 22:53:11 {Node 4} receives RequestVoteResponse &{4 4 2 1} from {Node [0xc00034ce40 0xc00034ce60 0xc00034ce80 0xc00034cea0 0xc00034cec0]} after sending RequestVoteRequest &{3 true} in term 4
2023/10/17 22:53:11 Term 4 Leader 4 Send all AppendEntries Log : [{<nil> 0 0} {11 1 1} {12 1 2}]
2023/10/17 22:53:11 {Node 2}'s state is {state 2,term 4,commitIndex 0,lastApplied 0,firstLog {<nil> 0 0},lastLog {11 1 1}} before processing AppendEntriesRequest &{4 4 2 1 [] 0} and reply AppendEntriesResponse &{4 false -1 2}
2023/10/17 22:53:11 {Node 3}'s state is {state 2,term 4,commitIndex 0,lastApplied 0,firstLog {<nil> 0 0},lastLog {11 1 1}} before processing AppendEntriesRequest &{4 4 2 1 [] 0} and reply AppendEntriesResponse &{4 false -1 2}
2023/10/17 22:53:11 Term 1 Leader 1 Send all AppendEntries Log : [{<nil> 0 0} {11 1 1} {12 1 2}]
2023/10/17 22:53:11 Term 4 Leader 4 Send all AppendEntries Log : [{<nil> 0 0} {11 1 1} {12 1 2} {13 4 3}]
2023/10/17 22:53:11 {Node 2}'s state is {state 2,term 4,commitIndex 0,lastApplied 0,firstLog {<nil> 0 0},lastLog {11 1 1}} before processing AppendEntriesRequest &{4 4 1 1 [{12 1 2} {13 4 3}] 0} and reply AppendEntriesResponse &{4 true 0 0}
2023/10/17 22:53:11 {Node 3}'s state is {state 2,term 4,commitIndex 0,lastApplied 0,firstLog {<nil> 0 0},lastLog {11 1 1}} before processing AppendEntriesRequest &{4 4 1 1 [{12 1 2} {13 4 3}] 0} and reply AppendEntriesResponse &{4 true 0 0}
2023/10/17 22:53:11 Term 1 Leader 1 Send all AppendEntries Log : [{<nil> 0 0} {11 1 1} {12 1 2}]
2023/10/17 22:53:11 {Node 0} starts election with RequestVoteRequest &{4 0 2 1}
2023/10/17 22:53:11 Term 4 Leader 4 Send all AppendEntries Log : [{<nil> 0 0} {11 1 1} {12 1 2} {13 4 3}]
2023/10/17 22:53:11 {Node 2}'s state is {state 2,term 4,commitIndex 0,lastApplied 0,firstLog {<nil> 0 0},lastLog {13 4 3}} before processing AppendEntriesRequest &{4 4 3 4 [] 0} and reply AppendEntriesResponse &{4 true 0 0}
2023/10/17 22:53:11 {Node 3}'s state is {state 2,term 4,commitIndex 0,lastApplied 0,firstLog {<nil> 0 0},lastLog {13 4 3}} before processing AppendEntriesRequest &{4 4 3 4 [] 0} and reply AppendEntriesResponse &{4 true 0 0}
2023/10/17 22:53:11 Term 1 Leader 1 Send all AppendEntries Log : [{<nil> 0 0} {11 1 1} {12 1 2}]
2023/10/17 22:53:11 Term 4 Leader 4 Send all AppendEntries Log : [{<nil> 0 0} {11 1 1} {12 1 2} {13 4 3}]
2023/10/17 22:53:11 {Node 3}'s state is {state 2,term 4,commitIndex 0,lastApplied 0,firstLog {<nil> 0 0},lastLog {13 4 3}} before processing AppendEntriesRequest &{4 4 3 4 [] 3} and reply AppendEntriesResponse &{4 true 0 0}
2023/10/17 22:53:11 {Node 2}'s state is {state 2,term 4,commitIndex 0,lastApplied 0,firstLog {<nil> 0 0},lastLog {13 4 3}} before processing AppendEntriesRequest &{4 4 3 4 [] 3} and reply AppendEntriesResponse &{4 true 0 0}
2023/10/17 22:53:11 Term 1 Leader 1 Send all AppendEntries Log : [{<nil> 0 0} {11 1 1} {12 1 2}]
2023/10/17 22:53:11 Term 4 Leader 4 Send all AppendEntries Log : [{<nil> 0 0} {11 1 1} {12 1 2} {13 4 3}]
2023/10/17 22:53:11 {Node 3}'s state is {state 2,term 4,commitIndex 3,lastApplied 0,firstLog {<nil> 0 0},lastLog {13 4 3}} before processing AppendEntriesRequest &{4 4 3 4 [] 3} and reply AppendEntriesResponse &{4 true 0 0}
2023/10/17 22:53:11 {Node 2}'s state is {state 2,term 4,commitIndex 3,lastApplied 0,firstLog {<nil> 0 0},lastLog {13 4 3}} before processing AppendEntriesRequest &{4 4 3 4 [] 3} and reply AppendEntriesResponse &{4 true 0 0}
2023/10/17 22:53:11 Term 1 Leader 1 Send all AppendEntries Log : [{<nil> 0 0} {11 1 1} {12 1 2}]
2023/10/17 22:53:11 Term 4 Leader 4 Send all AppendEntries Log : [{<nil> 0 0} {11 1 1} {12 1 2} {13 4 3}]
2023/10/17 22:53:11 {Node 2}'s state is {state 2,term 4,commitIndex 3,lastApplied 0,firstLog {<nil> 0 0},lastLog {13 4 3}} before processing AppendEntriesRequest &{4 4 3 4 [] 3} and reply AppendEntriesResponse &{4 true 0 0}
2023/10/17 22:53:11 {Node 3}'s state is {state 2,term 4,commitIndex 3,lastApplied 0,firstLog {<nil> 0 0},lastLog {13 4 3}} before processing AppendEntriesRequest &{4 4 3 4 [] 3} and reply AppendEntriesResponse &{4 true 0 0}
2023/10/17 22:53:11 Term 1 Leader 1 Send all AppendEntries Log : [{<nil> 0 0} {11 1 1} {12 1 2} {14 1 3}]
2023/10/17 22:53:11 {Node 4}'s state is {state 0,term 4,commitIndex 3,lastApplied 3,firstLog {<nil> 0 0},lastLog {13 4 3}} before processing AppendEntriesRequest &{1 1 2 1 [{14 1 3}] 2} and reply AppendEntriesResponse &{4 false 0 0}
2023/10/17 22:53:11 {Node 0}'s state is {state 1,term 4,commitIndex 2,lastApplied 2,firstLog {<nil> 0 0},lastLog {12 1 2}} before processing AppendEntriesRequest &{1 1 2 1 [{14 1 3}] 2} and reply AppendEntriesResponse &{4 false 0 0}
2023/10/17 22:53:11 {Node 2}'s state is {state 2,term 4,commitIndex 3,lastApplied 3,firstLog {<nil> 0 0},lastLog {13 4 3}} before processing AppendEntriesRequest &{1 1 1 1 [{12 1 2} {14 1 3}] 2} and reply AppendEntriesResponse &{4 false 0 0}
2023/10/17 22:53:11 {Node 3}'s state is {state 2,term 4,commitIndex 3,lastApplied 3,firstLog {<nil> 0 0},lastLog {13 4 3}} before processing AppendEntriesRequest &{1 1 1 1 [{12 1 2} {14 1 3}] 2} and reply AppendEntriesResponse &{4 false 0 0}
2023/10/17 22:53:11 Term 4 Leader 4 Send all AppendEntries Log : [{<nil> 0 0} {11 1 1} {12 1 2} {13 4 3}]
2023/10/17 22:53:11 {Node 0}'s state is {state 1,term 4,commitIndex 2,lastApplied 2,firstLog {<nil> 0 0},lastLog {12 1 2}} before processing AppendEntriesRequest &{4 4 2 1 [{13 4 3}] 3} and reply AppendEntriesResponse &{4 true 0 0}
2023/10/17 22:53:11 {Node 3}'s state is {state 2,term 4,commitIndex 3,lastApplied 3,firstLog {<nil> 0 0},lastLog {13 4 3}} before processing AppendEntriesRequest &{4 4 3 4 [] 3} and reply AppendEntriesResponse &{4 true 0 0}
2023/10/17 22:53:11 {Node 2}'s state is {state 2,term 4,commitIndex 3,lastApplied 3,firstLog {<nil> 0 0},lastLog {13 4 3}} before processing AppendEntriesRequest &{4 4 3 4 [] 3} and reply AppendEntriesResponse &{4 true 0 0}
2023/10/17 22:53:11 {Node 1}'s state is {state 2,term 4,commitIndex 2,lastApplied 2,firstLog {<nil> 0 0},lastLog {14 1 3}} before processing AppendEntriesRequest &{4 4 2 1 [{13 4 3}] 3} and reply AppendEntriesResponse &{4 true 0 0}
2023/10/17 22:53:11 Term 4 Leader 4 Send all AppendEntries Log : [{<nil> 0 0} {11 1 1} {12 1 2} {13 4 3}]
2023/10/17 22:53:11 {Node 2}'s state is {state 2,term 4,commitIndex 3,lastApplied 3,firstLog {<nil> 0 0},lastLog {13 4 3}} before processing AppendEntriesRequest &{4 4 3 4 [] 3} and reply AppendEntriesResponse &{4 true 0 0}
2023/10/17 22:53:11 {Node 0}'s state is {state 2,term 4,commitIndex 3,lastApplied 2,firstLog {<nil> 0 0},lastLog {13 4 3}} before processing AppendEntriesRequest &{4 4 3 4 [] 3} and reply AppendEntriesResponse &{4 true 0 0}
2023/10/17 22:53:11 {Node 1}'s state is {state 2,term 4,commitIndex 3,lastApplied 2,firstLog {<nil> 0 0},lastLog {13 4 3}} before processing AppendEntriesRequest &{4 4 3 4 [] 3} and reply AppendEntriesResponse &{4 true 0 0}
2023/10/17 22:53:11 {Node 3}'s state is {state 2,term 4,commitIndex 3,lastApplied 3,firstLog {<nil> 0 0},lastLog {13 4 3}} before processing AppendEntriesRequest &{4 4 3 4 [] 3} and reply AppendEntriesResponse &{4 true 0 0}
2023/10/17 22:53:12 Term 4 Leader 4 Send all AppendEntries Log : [{<nil> 0 0} {11 1 1} {12 1 2} {13 4 3}]
2023/10/17 22:53:12 {Node 0}'s state is {state 2,term 4,commitIndex 3,lastApplied 2,firstLog {<nil> 0 0},lastLog {13 4 3}} before processing AppendEntriesRequest &{4 4 3 4 [] 3} and reply AppendEntriesResponse &{4 true 0 0}
2023/10/17 22:53:12 {Node 1}'s state is {state 2,term 4,commitIndex 3,lastApplied 2,firstLog {<nil> 0 0},lastLog {13 4 3}} before processing AppendEntriesRequest &{4 4 3 4 [] 3} and reply AppendEntriesResponse &{4 true 0 0}
2023/10/17 22:53:12 {Node 2}'s state is {state 2,term 4,commitIndex 3,lastApplied 3,firstLog {<nil> 0 0},lastLog {13 4 3}} before processing AppendEntriesRequest &{4 4 3 4 [] 3} and reply AppendEntriesResponse &{4 true 0 0}
2023/10/17 22:53:12 {Node 3}'s state is {state 2,term 4,commitIndex 3,lastApplied 3,firstLog {<nil> 0 0},lastLog {13 4 3}} before processing AppendEntriesRequest &{4 4 3 4 [] 3} and reply AppendEntriesResponse &{4 true 0 0}
2023/10/17 22:53:12 Term 4 Leader 4 Send all AppendEntries Log : [{<nil> 0 0} {11 1 1} {12 1 2} {13 4 3}]
2023/10/17 22:53:12 {Node 0}'s state is {state 2,term 4,commitIndex 3,lastApplied 2,firstLog {<nil> 0 0},lastLog {13 4 3}} before processing AppendEntriesRequest &{4 4 3 4 [] 3} and reply AppendEntriesResponse &{4 true 0 0}
2023/10/17 22:53:12 {Node 2}'s state is {state 2,term 4,commitIndex 3,lastApplied 3,firstLog {<nil> 0 0},lastLog {13 4 3}} before processing AppendEntriesRequest &{4 4 3 4 [] 3} and reply AppendEntriesResponse &{4 true 0 0}
2023/10/17 22:53:12 {Node 3}'s state is {state 2,term 4,commitIndex 3,lastApplied 3,firstLog {<nil> 0 0},lastLog {13 4 3}} before processing AppendEntriesRequest &{4 4 3 4 [] 3} and reply AppendEntriesResponse &{4 true 0 0}
2023/10/17 22:53:12 {Node 1}'s state is {state 2,term 4,commitIndex 3,lastApplied 2,firstLog {<nil> 0 0},lastLog {13 4 3}} before processing AppendEntriesRequest &{4 4 3 4 [] 3} and reply AppendEntriesResponse &{4 true 0 0}
2023/10/17 22:53:12 Term 4 Leader 4 Send all AppendEntries Log : [{<nil> 0 0} {11 1 1} {12 1 2} {13 4 3}]
2023/10/17 22:53:12 {Node 0}'s state is {state 2,term 4,commitIndex 3,lastApplied 3,firstLog {<nil> 0 0},lastLog {13 4 3}} before processing AppendEntriesRequest &{4 4 3 4 [] 3} and reply AppendEntriesResponse &{4 true 0 0}
2023/10/17 22:53:12 {Node 2}'s state is {state 2,term 4,commitIndex 3,lastApplied 3,firstLog {<nil> 0 0},lastLog {13 4 3}} before processing AppendEntriesRequest &{4 4 3 4 [] 3} and reply AppendEntriesResponse &{4 true 0 0}
2023/10/17 22:53:12 {Node 3}'s state is {state 2,term 4,commitIndex 3,lastApplied 3,firstLog {<nil> 0 0},lastLog {13 4 3}} before processing AppendEntriesRequest &{4 4 3 4 [] 3} and reply AppendEntriesResponse &{4 true 0 0}
2023/10/17 22:53:12 {Node 1}'s state is {state 2,term 4,commitIndex 3,lastApplied 3,firstLog {<nil> 0 0},lastLog {13 4 3}} before processing AppendEntriesRequest &{4 4 3 4 [] 3} and reply AppendEntriesResponse &{4 true 0 0}
2023/10/17 22:53:12 Term 4 Leader 4 Send all AppendEntries Log : [{<nil> 0 0} {11 1 1} {12 1 2} {13 4 3}]
2023/10/17 22:53:12 {Node 0}'s state is {state 2,term 4,commitIndex 3,lastApplied 3,firstLog {<nil> 0 0},lastLog {13 4 3}} before processing AppendEntriesRequest &{4 4 3 4 [] 3} and reply AppendEntriesResponse &{4 true 0 0}
2023/10/17 22:53:12 {Node 3}'s state is {state 2,term 4,commitIndex 3,lastApplied 3,firstLog {<nil> 0 0},lastLog {13 4 3}} before processing AppendEntriesRequest &{4 4 3 4 [] 3} and reply AppendEntriesResponse &{4 true 0 0}
2023/10/17 22:53:12 {Node 2}'s state is {state 2,term 4,commitIndex 3,lastApplied 3,firstLog {<nil> 0 0},lastLog {13 4 3}} before processing AppendEntriesRequest &{4 4 3 4 [] 3} and reply AppendEntriesResponse &{4 true 0 0}
2023/10/17 22:53:12 {Node 1}'s state is {state 2,term 4,commitIndex 3,lastApplied 3,firstLog {<nil> 0 0},lastLog {13 4 3}} before processing AppendEntriesRequest &{4 4 3 4 [] 3} and reply AppendEntriesResponse &{4 true 0 0}
2023/10/17 22:53:12 Term 4 Leader 4 Send all AppendEntries Log : [{<nil> 0 0} {11 1 1} {12 1 2} {13 4 3}]
2023/10/17 22:53:12 {Node 2}'s state is {state 2,term 4,commitIndex 3,lastApplied 3,firstLog {<nil> 0 0},lastLog {13 4 3}} before processing AppendEntriesRequest &{4 4 3 4 [] 3} and reply AppendEntriesResponse &{4 true 0 0}
2023/10/17 22:53:12 {Node 0}'s state is {state 2,term 4,commitIndex 3,lastApplied 3,firstLog {<nil> 0 0},lastLog {13 4 3}} before processing AppendEntriesRequest &{4 4 3 4 [] 3} and reply AppendEntriesResponse &{4 true 0 0}
2023/10/17 22:53:12 {Node 1}'s state is {state 2,term 4,commitIndex 3,lastApplied 3,firstLog {<nil> 0 0},lastLog {13 4 3}} before processing AppendEntriesRequest &{4 4 3 4 [] 3} and reply AppendEntriesResponse &{4 true 0 0}
2023/10/17 22:53:12 {Node 3}'s state is {state 2,term 4,commitIndex 3,lastApplied 3,firstLog {<nil> 0 0},lastLog {13 4 3}} before processing AppendEntriesRequest &{4 4 3 4 [] 3} and reply AppendEntriesResponse &{4 true 0 0}
2023/10/17 22:53:12 Term 4 Leader 4 Send all AppendEntries Log : [{<nil> 0 0} {11 1 1} {12 1 2} {13 4 3}]
2023/10/17 22:53:12 {Node 0}'s state is {state 2,term 4,commitIndex 3,lastApplied 3,firstLog {<nil> 0 0},lastLog {13 4 3}} before processing AppendEntriesRequest &{4 4 3 4 [] 3} and reply AppendEntriesResponse &{4 true 0 0}
2023/10/17 22:53:12 {Node 3}'s state is {state 2,term 4,commitIndex 3,lastApplied 3,firstLog {<nil> 0 0},lastLog {13 4 3}} before processing AppendEntriesRequest &{4 4 3 4 [] 3} and reply AppendEntriesResponse &{4 true 0 0}
2023/10/17 22:53:12 {Node 1}'s state is {state 2,term 4,commitIndex 3,lastApplied 3,firstLog {<nil> 0 0},lastLog {13 4 3}} before processing AppendEntriesRequest &{4 4 3 4 [] 3} and reply AppendEntriesResponse &{4 true 0 0}
2023/10/17 22:53:12 {Node 2}'s state is {state 2,term 4,commitIndex 3,lastApplied 3,firstLog {<nil> 0 0},lastLog {13 4 3}} before processing AppendEntriesRequest &{4 4 3 4 [] 3} and reply AppendEntriesResponse &{4 true 0 0}
2023/10/17 22:53:12 Term 4 Leader 4 Send all AppendEntries Log : [{<nil> 0 0} {11 1 1} {12 1 2} {13 4 3}]
2023/10/17 22:53:12 {Node 1}'s state is {state 2,term 4,commitIndex 3,lastApplied 3,firstLog {<nil> 0 0},lastLog {13 4 3}} before processing AppendEntriesRequest &{4 4 3 4 [] 3} and reply AppendEntriesResponse &{4 true 0 0}
2023/10/17 22:53:12 {Node 3}'s state is {state 2,term 4,commitIndex 3,lastApplied 3,firstLog {<nil> 0 0},lastLog {13 4 3}} before processing AppendEntriesRequest &{4 4 3 4 [] 3} and reply AppendEntriesResponse &{4 true 0 0}
2023/10/17 22:53:12 {Node 2}'s state is {state 2,term 4,commitIndex 3,lastApplied 3,firstLog {<nil> 0 0},lastLog {13 4 3}} before processing AppendEntriesRequest &{4 4 3 4 [] 3} and reply AppendEntriesResponse &{4 true 0 0}
2023/10/17 22:53:12 {Node 0}'s state is {state 2,term 4,commitIndex 3,lastApplied 3,firstLog {<nil> 0 0},lastLog {13 4 3}} before processing AppendEntriesRequest &{4 4 3 4 [] 3} and reply AppendEntriesResponse &{4 true 0 0}
2023/10/17 22:53:12 Term 4 Leader 4 Send all AppendEntries Log : [{<nil> 0 0} {11 1 1} {12 1 2} {13 4 3}]
2023/10/17 22:53:12 {Node 2}'s state is {state 2,term 4,commitIndex 3,lastApplied 3,firstLog {<nil> 0 0},lastLog {13 4 3}} before processing AppendEntriesRequest &{4 4 3 4 [] 3} and reply AppendEntriesResponse &{4 true 0 0}
2023/10/17 22:53:12 {Node 0}'s state is {state 2,term 4,commitIndex 3,lastApplied 3,firstLog {<nil> 0 0},lastLog {13 4 3}} before processing AppendEntriesRequest &{4 4 3 4 [] 3} and reply AppendEntriesResponse &{4 true 0 0}
2023/10/17 22:53:12 {Node 1}'s state is {state 2,term 4,commitIndex 3,lastApplied 3,firstLog {<nil> 0 0},lastLog {13 4 3}} before processing AppendEntriesRequest &{4 4 3 4 [] 3} and reply AppendEntriesResponse &{4 true 0 0}
2023/10/17 22:53:12 {Node 3}'s state is {state 2,term 4,commitIndex 3,lastApplied 3,firstLog {<nil> 0 0},lastLog {13 4 3}} before processing AppendEntriesRequest &{4 4 3 4 [] 3} and reply AppendEntriesResponse &{4 true 0 0}
2023/10/17 22:53:12 Term 4 Leader 4 Send all AppendEntries Log : [{<nil> 0 0} {11 1 1} {12 1 2} {13 4 3}]
2023/10/17 22:53:12 {Node 0}'s state is {state 2,term 4,commitIndex 3,lastApplied 3,firstLog {<nil> 0 0},lastLog {13 4 3}} before processing AppendEntriesRequest &{4 4 3 4 [] 3} and reply AppendEntriesResponse &{4 true 0 0}
2023/10/17 22:53:12 {Node 3}'s state is {state 2,term 4,commitIndex 3,lastApplied 3,firstLog {<nil> 0 0},lastLog {13 4 3}} before processing AppendEntriesRequest &{4 4 3 4 [] 3} and reply AppendEntriesResponse &{4 true 0 0}
2023/10/17 22:53:12 {Node 2}'s state is {state 2,term 4,commitIndex 3,lastApplied 3,firstLog {<nil> 0 0},lastLog {13 4 3}} before processing AppendEntriesRequest &{4 4 3 4 [] 3} and reply AppendEntriesResponse &{4 true 0 0}
2023/10/17 22:53:12 {Node 1}'s state is {state 2,term 4,commitIndex 3,lastApplied 3,firstLog {<nil> 0 0},lastLog {13 4 3}} before processing AppendEntriesRequest &{4 4 3 4 [] 3} and reply AppendEntriesResponse &{4 true 0 0}
2023/10/17 22:53:12 Term 4 Leader 4 Send all AppendEntries Log : [{<nil> 0 0} {11 1 1} {12 1 2} {13 4 3}]
2023/10/17 22:53:12 {Node 2}'s state is {state 2,term 4,commitIndex 3,lastApplied 3,firstLog {<nil> 0 0},lastLog {13 4 3}} before processing AppendEntriesRequest &{4 4 3 4 [] 3} and reply AppendEntriesResponse &{4 true 0 0}
2023/10/17 22:53:12 {Node 1}'s state is {state 2,term 4,commitIndex 3,lastApplied 3,firstLog {<nil> 0 0},lastLog {13 4 3}} before processing AppendEntriesRequest &{4 4 3 4 [] 3} and reply AppendEntriesResponse &{4 true 0 0}
2023/10/17 22:53:12 {Node 0}'s state is {state 2,term 4,commitIndex 3,lastApplied 3,firstLog {<nil> 0 0},lastLog {13 4 3}} before processing AppendEntriesRequest &{4 4 3 4 [] 3} and reply AppendEntriesResponse &{4 true 0 0}
2023/10/17 22:53:12 {Node 3}'s state is {state 2,term 4,commitIndex 3,lastApplied 3,firstLog {<nil> 0 0},lastLog {13 4 3}} before processing AppendEntriesRequest &{4 4 3 4 [] 3} and reply AppendEntriesResponse &{4 true 0 0}
2023/10/17 22:53:13 Term 4 Leader 4 Send all AppendEntries Log : [{<nil> 0 0} {11 1 1} {12 1 2} {13 4 3}]
2023/10/17 22:53:13 {Node 2}'s state is {state 2,term 4,commitIndex 3,lastApplied 3,firstLog {<nil> 0 0},lastLog {13 4 3}} before processing AppendEntriesRequest &{4 4 3 4 [] 3} and reply AppendEntriesResponse &{4 true 0 0}
2023/10/17 22:53:13 {Node 1}'s state is {state 2,term 4,commitIndex 3,lastApplied 3,firstLog {<nil> 0 0},lastLog {13 4 3}} before processing AppendEntriesRequest &{4 4 3 4 [] 3} and reply AppendEntriesResponse &{4 true 0 0}
2023/10/17 22:53:13 {Node 0}'s state is {state 2,term 4,commitIndex 3,lastApplied 3,firstLog {<nil> 0 0},lastLog {13 4 3}} before processing AppendEntriesRequest &{4 4 3 4 [] 3} and reply AppendEntriesResponse &{4 true 0 0}
2023/10/17 22:53:13 {Node 3}'s state is {state 2,term 4,commitIndex 3,lastApplied 3,firstLog {<nil> 0 0},lastLog {13 4 3}} before processing AppendEntriesRequest &{4 4 3 4 [] 3} and reply AppendEntriesResponse &{4 true 0 0}
2023/10/17 22:53:13 Term 4 Leader 4 Send all AppendEntries Log : [{<nil> 0 0} {11 1 1} {12 1 2} {13 4 3}]
2023/10/17 22:53:13 {Node 3}'s state is {state 2,term 4,commitIndex 3,lastApplied 3,firstLog {<nil> 0 0},lastLog {13 4 3}} before processing AppendEntriesRequest &{4 4 3 4 [] 3} and reply AppendEntriesResponse &{4 true 0 0}
2023/10/17 22:53:13 {Node 1}'s state is {state 2,term 4,commitIndex 3,lastApplied 3,firstLog {<nil> 0 0},lastLog {13 4 3}} before processing AppendEntriesRequest &{4 4 3 4 [] 3} and reply AppendEntriesResponse &{4 true 0 0}
2023/10/17 22:53:13 {Node 0}'s state is {state 2,term 4,commitIndex 3,lastApplied 3,firstLog {<nil> 0 0},lastLog {13 4 3}} before processing AppendEntriesRequest &{4 4 3 4 [] 3} and reply AppendEntriesResponse &{4 true 0 0}
2023/10/17 22:53:13 {Node 2}'s state is {state 2,term 4,commitIndex 3,lastApplied 3,firstLog {<nil> 0 0},lastLog {13 4 3}} before processing AppendEntriesRequest &{4 4 3 4 [] 3} and reply AppendEntriesResponse &{4 true 0 0}
2023/10/17 22:53:13 Term 4 Leader 4 Send all AppendEntries Log : [{<nil> 0 0} {11 1 1} {12 1 2} {13 4 3}]
2023/10/17 22:53:13 {Node 1}'s state is {state 2,term 4,commitIndex 3,lastApplied 3,firstLog {<nil> 0 0},lastLog {13 4 3}} before processing AppendEntriesRequest &{4 4 3 4 [] 3} and reply AppendEntriesResponse &{4 true 0 0}
2023/10/17 22:53:13 {Node 2}'s state is {state 2,term 4,commitIndex 3,lastApplied 3,firstLog {<nil> 0 0},lastLog {13 4 3}} before processing AppendEntriesRequest &{4 4 3 4 [] 3} and reply AppendEntriesResponse &{4 true 0 0}
2023/10/17 22:53:13 {Node 0}'s state is {state 2,term 4,commitIndex 3,lastApplied 3,firstLog {<nil> 0 0},lastLog {13 4 3}} before processing AppendEntriesRequest &{4 4 3 4 [] 3} and reply AppendEntriesResponse &{4 true 0 0}
2023/10/17 22:53:13 {Node 3}'s state is {state 2,term 4,commitIndex 3,lastApplied 3,firstLog {<nil> 0 0},lastLog {13 4 3}} before processing AppendEntriesRequest &{4 4 3 4 [] 3} and reply AppendEntriesResponse &{4 true 0 0}
2023/10/17 22:53:13 Term 4 Leader 4 Send all AppendEntries Log : [{<nil> 0 0} {11 1 1} {12 1 2} {13 4 3}]
2023/10/17 22:53:13 {Node 1}'s state is {state 2,term 4,commitIndex 3,lastApplied 3,firstLog {<nil> 0 0},lastLog {13 4 3}} before processing AppendEntriesRequest &{4 4 3 4 [] 3} and reply AppendEntriesResponse &{4 true 0 0}
2023/10/17 22:53:13 {Node 0}'s state is {state 2,term 4,commitIndex 3,lastApplied 3,firstLog {<nil> 0 0},lastLog {13 4 3}} before processing AppendEntriesRequest &{4 4 3 4 [] 3} and reply AppendEntriesResponse &{4 true 0 0}
2023/10/17 22:53:13 {Node 2}'s state is {state 2,term 4,commitIndex 3,lastApplied 3,firstLog {<nil> 0 0},lastLog {13 4 3}} before processing AppendEntriesRequest &{4 4 3 4 [] 3} and reply AppendEntriesResponse &{4 true 0 0}
2023/10/17 22:53:13 {Node 3}'s state is {state 2,term 4,commitIndex 3,lastApplied 3,firstLog {<nil> 0 0},lastLog {13 4 3}} before processing AppendEntriesRequest &{4 4 3 4 [] 3} and reply AppendEntriesResponse &{4 true 0 0}
2023/10/17 22:53:13 Term 4 Leader 4 Send all AppendEntries Log : [{<nil> 0 0} {11 1 1} {12 1 2} {13 4 3}]
2023/10/17 22:53:13 {Node 1}'s state is {state 2,term 4,commitIndex 3,lastApplied 3,firstLog {<nil> 0 0},lastLog {13 4 3}} before processing AppendEntriesRequest &{4 4 3 4 [] 3} and reply AppendEntriesResponse &{4 true 0 0}
2023/10/17 22:53:13 {Node 2}'s state is {state 2,term 4,commitIndex 3,lastApplied 3,firstLog {<nil> 0 0},lastLog {13 4 3}} before processing AppendEntriesRequest &{4 4 3 4 [] 3} and reply AppendEntriesResponse &{4 true 0 0}
2023/10/17 22:53:13 {Node 3}'s state is {state 2,term 4,commitIndex 3,lastApplied 3,firstLog {<nil> 0 0},lastLog {13 4 3}} before processing AppendEntriesRequest &{4 4 3 4 [] 3} and reply AppendEntriesResponse &{4 true 0 0}
2023/10/17 22:53:13 {Node 0}'s state is {state 2,term 4,commitIndex 3,lastApplied 3,firstLog {<nil> 0 0},lastLog {13 4 3}} before processing AppendEntriesRequest &{4 4 3 4 [] 3} and reply AppendEntriesResponse &{4 true 0 0}
2023/10/17 22:53:13 Term 4 Leader 4 Send all AppendEntries Log : [{<nil> 0 0} {11 1 1} {12 1 2} {13 4 3}]
2023/10/17 22:53:13 {Node 1}'s state is {state 2,term 4,commitIndex 3,lastApplied 3,firstLog {<nil> 0 0},lastLog {13 4 3}} before processing AppendEntriesRequest &{4 4 3 4 [] 3} and reply AppendEntriesResponse &{4 true 0 0}
2023/10/17 22:53:13 {Node 0}'s state is {state 2,term 4,commitIndex 3,lastApplied 3,firstLog {<nil> 0 0},lastLog {13 4 3}} before processing AppendEntriesRequest &{4 4 3 4 [] 3} and reply AppendEntriesResponse &{4 true 0 0}
2023/10/17 22:53:13 {Node 2}'s state is {state 2,term 4,commitIndex 3,lastApplied 3,firstLog {<nil> 0 0},lastLog {13 4 3}} before processing AppendEntriesRequest &{4 4 3 4 [] 3} and reply AppendEntriesResponse &{4 true 0 0}
2023/10/17 22:53:13 {Node 3}'s state is {state 2,term 4,commitIndex 3,lastApplied 3,firstLog {<nil> 0 0},lastLog {13 4 3}} before processing AppendEntriesRequest &{4 4 3 4 [] 3} and reply AppendEntriesResponse &{4 true 0 0}
2023/10/17 22:53:13 Term 4 Leader 4 Send all AppendEntries Log : [{<nil> 0 0} {11 1 1} {12 1 2} {13 4 3}]
2023/10/17 22:53:13 {Node 0}'s state is {state 2,term 4,commitIndex 3,lastApplied 3,firstLog {<nil> 0 0},lastLog {13 4 3}} before processing AppendEntriesRequest &{4 4 3 4 [] 3} and reply AppendEntriesResponse &{4 true 0 0}
2023/10/17 22:53:13 {Node 3}'s state is {state 2,term 4,commitIndex 3,lastApplied 3,firstLog {<nil> 0 0},lastLog {13 4 3}} before processing AppendEntriesRequest &{4 4 3 4 [] 3} and reply AppendEntriesResponse &{4 true 0 0}
2023/10/17 22:53:13 {Node 1}'s state is {state 2,term 4,commitIndex 3,lastApplied 3,firstLog {<nil> 0 0},lastLog {13 4 3}} before processing AppendEntriesRequest &{4 4 3 4 [] 3} and reply AppendEntriesResponse &{4 true 0 0}
2023/10/17 22:53:13 {Node 2}'s state is {state 2,term 4,commitIndex 3,lastApplied 3,firstLog {<nil> 0 0},lastLog {13 4 3}} before processing AppendEntriesRequest &{4 4 3 4 [] 3} and reply AppendEntriesResponse &{4 true 0 0}
2023/10/17 22:53:13 Term 4 Leader 4 Send all AppendEntries Log : [{<nil> 0 0} {11 1 1} {12 1 2} {13 4 3}]
2023/10/17 22:53:13 {Node 0}'s state is {state 2,term 4,commitIndex 3,lastApplied 3,firstLog {<nil> 0 0},lastLog {13 4 3}} before processing AppendEntriesRequest &{4 4 3 4 [] 3} and reply AppendEntriesResponse &{4 true 0 0}
2023/10/17 22:53:13 {Node 3}'s state is {state 2,term 4,commitIndex 3,lastApplied 3,firstLog {<nil> 0 0},lastLog {13 4 3}} before processing AppendEntriesRequest &{4 4 3 4 [] 3} and reply AppendEntriesResponse &{4 true 0 0}
2023/10/17 22:53:13 {Node 2}'s state is {state 2,term 4,commitIndex 3,lastApplied 3,firstLog {<nil> 0 0},lastLog {13 4 3}} before processing AppendEntriesRequest &{4 4 3 4 [] 3} and reply AppendEntriesResponse &{4 true 0 0}
2023/10/17 22:53:13 {Node 1}'s state is {state 2,term 4,commitIndex 3,lastApplied 3,firstLog {<nil> 0 0},lastLog {13 4 3}} before processing AppendEntriesRequest &{4 4 3 4 [] 3} and reply AppendEntriesResponse &{4 true 0 0}
2023/10/17 22:53:13 Term 4 Leader 4 Send all AppendEntries Log : [{<nil> 0 0} {11 1 1} {12 1 2} {13 4 3} {14 4 4}]
2023/10/17 22:53:13 {Node 1}'s state is {state 2,term 4,commitIndex 3,lastApplied 3,firstLog {<nil> 0 0},lastLog {13 4 3}} before processing AppendEntriesRequest &{4 4 3 4 [{14 4 4}] 3} and reply AppendEntriesResponse &{4 true 0 0}
2023/10/17 22:53:13 {Node 2}'s state is {state 2,term 4,commitIndex 3,lastApplied 3,firstLog {<nil> 0 0},lastLog {13 4 3}} before processing AppendEntriesRequest &{4 4 3 4 [{14 4 4}] 3} and reply AppendEntriesResponse &{4 true 0 0}
2023/10/17 22:53:13 {Node 0}'s state is {state 2,term 4,commitIndex 3,lastApplied 3,firstLog {<nil> 0 0},lastLog {13 4 3}} before processing AppendEntriesRequest &{4 4 3 4 [{14 4 4}] 3} and reply AppendEntriesResponse &{4 true 0 0}
2023/10/17 22:53:13 {Node 3}'s state is {state 2,term 4,commitIndex 3,lastApplied 3,firstLog {<nil> 0 0},lastLog {13 4 3}} before processing AppendEntriesRequest &{4 4 3 4 [{14 4 4}] 3} and reply AppendEntriesResponse &{4 true 0 0}
2023/10/17 22:53:13 Term 4 Leader 4 Send all AppendEntries Log : [{<nil> 0 0} {11 1 1} {12 1 2} {13 4 3} {14 4 4}]
2023/10/17 22:53:13 {Node 1}'s state is {state 2,term 4,commitIndex 3,lastApplied 3,firstLog {<nil> 0 0},lastLog {14 4 4}} before processing AppendEntriesRequest &{4 4 4 4 [] 3} and reply AppendEntriesResponse &{4 true 0 0}
2023/10/17 22:53:13 {Node 2}'s state is {state 2,term 4,commitIndex 3,lastApplied 3,firstLog {<nil> 0 0},lastLog {14 4 4}} before processing AppendEntriesRequest &{4 4 4 4 [] 3} and reply AppendEntriesResponse &{4 true 0 0}
2023/10/17 22:53:13 {Node 0}'s state is {state 2,term 4,commitIndex 3,lastApplied 3,firstLog {<nil> 0 0},lastLog {14 4 4}} before processing AppendEntriesRequest &{4 4 4 4 [] 3} and reply AppendEntriesResponse &{4 true 0 0}
2023/10/17 22:53:13 {Node 3}'s state is {state 2,term 4,commitIndex 3,lastApplied 3,firstLog {<nil> 0 0},lastLog {14 4 4}} before processing AppendEntriesRequest &{4 4 4 4 [] 3} and reply AppendEntriesResponse &{4 true 0 0}
2023/10/17 22:53:14 Term 4 Leader 4 Send all AppendEntries Log : [{<nil> 0 0} {11 1 1} {12 1 2} {13 4 3} {14 4 4}]
2023/10/17 22:53:14 {Node 0}'s state is {state 2,term 4,commitIndex 3,lastApplied 3,firstLog {<nil> 0 0},lastLog {14 4 4}} before processing AppendEntriesRequest &{4 4 4 4 [] 4} and reply AppendEntriesResponse &{4 true 0 0}
2023/10/17 22:53:14 {Node 2}'s state is {state 2,term 4,commitIndex 3,lastApplied 3,firstLog {<nil> 0 0},lastLog {14 4 4}} before processing AppendEntriesRequest &{4 4 4 4 [] 4} and reply AppendEntriesResponse &{4 true 0 0}
2023/10/17 22:53:14 {Node 1}'s state is {state 2,term 4,commitIndex 3,lastApplied 3,firstLog {<nil> 0 0},lastLog {14 4 4}} before processing AppendEntriesRequest &{4 4 4 4 [] 4} and reply AppendEntriesResponse &{4 true 0 0}
2023/10/17 22:53:14 {Node 3}'s state is {state 2,term 4,commitIndex 3,lastApplied 3,firstLog {<nil> 0 0},lastLog {14 4 4}} before processing AppendEntriesRequest &{4 4 4 4 [] 4} and reply AppendEntriesResponse &{4 true 0 0}
2023/10/17 22:53:14 Term 4 Leader 4 Send all AppendEntries Log : [{<nil> 0 0} {11 1 1} {12 1 2} {13 4 3} {14 4 4}]
2023/10/17 22:53:14 {Node 2}'s state is {state 2,term 4,commitIndex 4,lastApplied 3,firstLog {<nil> 0 0},lastLog {14 4 4}} before processing AppendEntriesRequest &{4 4 4 4 [] 4} and reply AppendEntriesResponse &{4 true 0 0}
2023/10/17 22:53:14 {Node 0}'s state is {state 2,term 4,commitIndex 4,lastApplied 3,firstLog {<nil> 0 0},lastLog {14 4 4}} before processing AppendEntriesRequest &{4 4 4 4 [] 4} and reply AppendEntriesResponse &{4 true 0 0}
2023/10/17 22:53:14 {Node 1}'s state is {state 2,term 4,commitIndex 4,lastApplied 3,firstLog {<nil> 0 0},lastLog {14 4 4}} before processing AppendEntriesRequest &{4 4 4 4 [] 4} and reply AppendEntriesResponse &{4 true 0 0}
2023/10/17 22:53:14 {Node 3}'s state is {state 2,term 4,commitIndex 4,lastApplied 3,firstLog {<nil> 0 0},lastLog {14 4 4}} before processing AppendEntriesRequest &{4 4 4 4 [] 4} and reply AppendEntriesResponse &{4 true 0 0}
2023/10/17 22:53:14 Term 4 Leader 4 Send all AppendEntries Log : [{<nil> 0 0} {11 1 1} {12 1 2} {13 4 3} {14 4 4}]
2023/10/17 22:53:14 {Node 2}'s state is {state 2,term 4,commitIndex 4,lastApplied 3,firstLog {<nil> 0 0},lastLog {14 4 4}} before processing AppendEntriesRequest &{4 4 4 4 [] 4} and reply AppendEntriesResponse &{4 true 0 0}
2023/10/17 22:53:14 {Node 1}'s state is {state 2,term 4,commitIndex 4,lastApplied 4,firstLog {<nil> 0 0},lastLog {14 4 4}} before processing AppendEntriesRequest &{4 4 4 4 [] 4} and reply AppendEntriesResponse &{4 true 0 0}
2023/10/17 22:53:14 {Node 3}'s state is {state 2,term 4,commitIndex 4,lastApplied 3,firstLog {<nil> 0 0},lastLog {14 4 4}} before processing AppendEntriesRequest &{4 4 4 4 [] 4} and reply AppendEntriesResponse &{4 true 0 0}
2023/10/17 22:53:14 {Node 0}'s state is {state 2,term 4,commitIndex 4,lastApplied 4,firstLog {<nil> 0 0},lastLog {14 4 4}} before processing AppendEntriesRequest &{4 4 4 4 [] 4} and reply AppendEntriesResponse &{4 true 0 0}
2023/10/17 22:53:14 Term 4 Leader 4 Send all AppendEntries Log : [{<nil> 0 0} {11 1 1} {12 1 2} {13 4 3} {14 4 4}]
2023/10/17 22:53:14 {Node 0}'s state is {state 2,term 4,commitIndex 4,lastApplied 4,firstLog {<nil> 0 0},lastLog {14 4 4}} before processing AppendEntriesRequest &{4 4 4 4 [] 4} and reply AppendEntriesResponse &{4 true 0 0}
2023/10/17 22:53:14 {Node 3}'s state is {state 2,term 4,commitIndex 4,lastApplied 4,firstLog {<nil> 0 0},lastLog {14 4 4}} before processing AppendEntriesRequest &{4 4 4 4 [] 4} and reply AppendEntriesResponse &{4 true 0 0}
2023/10/17 22:53:14 {Node 1}'s state is {state 2,term 4,commitIndex 4,lastApplied 4,firstLog {<nil> 0 0},lastLog {14 4 4}} before processing AppendEntriesRequest &{4 4 4 4 [] 4} and reply AppendEntriesResponse &{4 true 0 0}
2023/10/17 22:53:14 {Node 2}'s state is {state 2,term 4,commitIndex 4,lastApplied 4,firstLog {<nil> 0 0},lastLog {14 4 4}} before processing AppendEntriesRequest &{4 4 4 4 [] 4} and reply AppendEntriesResponse &{4 true 0 0}
2023/10/17 22:53:14 Term 4 Leader 4 Send all AppendEntries Log : [{<nil> 0 0} {11 1 1} {12 1 2} {13 4 3} {14 4 4}]
2023/10/17 22:53:14 {Node 2}'s state is {state 2,term 4,commitIndex 4,lastApplied 4,firstLog {<nil> 0 0},lastLog {14 4 4}} before processing AppendEntriesRequest &{4 4 4 4 [] 4} and reply AppendEntriesResponse &{4 true 0 0}
2023/10/17 22:53:14 {Node 1}'s state is {state 2,term 4,commitIndex 4,lastApplied 4,firstLog {<nil> 0 0},lastLog {14 4 4}} before processing AppendEntriesRequest &{4 4 4 4 [] 4} and reply AppendEntriesResponse &{4 true 0 0}
2023/10/17 22:53:14 {Node 3}'s state is {state 2,term 4,commitIndex 4,lastApplied 4,firstLog {<nil> 0 0},lastLog {14 4 4}} before processing AppendEntriesRequest &{4 4 4 4 [] 4} and reply AppendEntriesResponse &{4 true 0 0}
2023/10/17 22:53:14 {Node 0}'s state is {state 2,term 4,commitIndex 4,lastApplied 4,firstLog {<nil> 0 0},lastLog {14 4 4}} before processing AppendEntriesRequest &{4 4 4 4 [] 4} and reply AppendEntriesResponse &{4 true 0 0}
2023/10/17 22:53:14 Term 4 Leader 4 Send all AppendEntries Log : [{<nil> 0 0} {11 1 1} {12 1 2} {13 4 3} {14 4 4}]
2023/10/17 22:53:14 {Node 1}'s state is {state 2,term 4,commitIndex 4,lastApplied 4,firstLog {<nil> 0 0},lastLog {14 4 4}} before processing AppendEntriesRequest &{4 4 4 4 [] 4} and reply AppendEntriesResponse &{4 true 0 0}
2023/10/17 22:53:14 {Node 0}'s state is {state 2,term 4,commitIndex 4,lastApplied 4,firstLog {<nil> 0 0},lastLog {14 4 4}} before processing AppendEntriesRequest &{4 4 4 4 [] 4} and reply AppendEntriesResponse &{4 true 0 0}
2023/10/17 22:53:14 {Node 3}'s state is {state 2,term 4,commitIndex 4,lastApplied 4,firstLog {<nil> 0 0},lastLog {14 4 4}} before processing AppendEntriesRequest &{4 4 4 4 [] 4} and reply AppendEntriesResponse &{4 true 0 0}
2023/10/17 22:53:14 {Node 2}'s state is {state 2,term 4,commitIndex 4,lastApplied 4,firstLog {<nil> 0 0},lastLog {14 4 4}} before processing AppendEntriesRequest &{4 4 4 4 [] 4} and reply AppendEntriesResponse &{4 true 0 0}
2023/10/17 22:53:14 Term 4 Leader 4 Send all AppendEntries Log : [{<nil> 0 0} {11 1 1} {12 1 2} {13 4 3} {14 4 4}]
2023/10/17 22:53:14 {Node 0}'s state is {state 2,term 4,commitIndex 4,lastApplied 4,firstLog {<nil> 0 0},lastLog {14 4 4}} before processing AppendEntriesRequest &{4 4 4 4 [] 4} and reply AppendEntriesResponse &{4 true 0 0}
2023/10/17 22:53:14 {Node 2}'s state is {state 2,term 4,commitIndex 4,lastApplied 4,firstLog {<nil> 0 0},lastLog {14 4 4}} before processing AppendEntriesRequest &{4 4 4 4 [] 4} and reply AppendEntriesResponse &{4 true 0 0}
2023/10/17 22:53:14 {Node 3}'s state is {state 2,term 4,commitIndex 4,lastApplied 4,firstLog {<nil> 0 0},lastLog {14 4 4}} before processing AppendEntriesRequest &{4 4 4 4 [] 4} and reply AppendEntriesResponse &{4 true 0 0}
2023/10/17 22:53:14 {Node 1}'s state is {state 2,term 4,commitIndex 4,lastApplied 4,firstLog {<nil> 0 0},lastLog {14 4 4}} before processing AppendEntriesRequest &{4 4 4 4 [] 4} and reply AppendEntriesResponse &{4 true 0 0}
2023/10/17 22:53:14 Term 4 Leader 4 Send all AppendEntries Log : [{<nil> 0 0} {11 1 1} {12 1 2} {13 4 3} {14 4 4}]
2023/10/17 22:53:14 {Node 1}'s state is {state 2,term 4,commitIndex 4,lastApplied 4,firstLog {<nil> 0 0},lastLog {14 4 4}} before processing AppendEntriesRequest &{4 4 4 4 [] 4} and reply AppendEntriesResponse &{4 true 0 0}
2023/10/17 22:53:14 {Node 0}'s state is {state 2,term 4,commitIndex 4,lastApplied 4,firstLog {<nil> 0 0},lastLog {14 4 4}} before processing AppendEntriesRequest &{4 4 4 4 [] 4} and reply AppendEntriesResponse &{4 true 0 0}
2023/10/17 22:53:14 {Node 2}'s state is {state 2,term 4,commitIndex 4,lastApplied 4,firstLog {<nil> 0 0},lastLog {14 4 4}} before processing AppendEntriesRequest &{4 4 4 4 [] 4} and reply AppendEntriesResponse &{4 true 0 0}
2023/10/17 22:53:14 {Node 3}'s state is {state 2,term 4,commitIndex 4,lastApplied 4,firstLog {<nil> 0 0},lastLog {14 4 4}} before processing AppendEntriesRequest &{4 4 4 4 [] 4} and reply AppendEntriesResponse &{4 true 0 0}
2023/10/17 22:53:14 Term 4 Leader 4 Send all AppendEntries Log : [{<nil> 0 0} {11 1 1} {12 1 2} {13 4 3} {14 4 4} {15 4 5}]
2023/10/17 22:53:14 {Node 3}'s state is {state 2,term 4,commitIndex 4,lastApplied 4,firstLog {<nil> 0 0},lastLog {14 4 4}} before processing AppendEntriesRequest &{4 4 4 4 [{15 4 5}] 4} and reply AppendEntriesResponse &{4 true 0 0}
2023/10/17 22:53:14 {Node 2}'s state is {state 2,term 4,commitIndex 4,lastApplied 4,firstLog {<nil> 0 0},lastLog {14 4 4}} before processing AppendEntriesRequest &{4 4 4 4 [{15 4 5}] 4} and reply AppendEntriesResponse &{4 true 0 0}
2023/10/17 22:53:14 Term 4 Leader 4 Send all AppendEntries Log : [{<nil> 0 0} {11 1 1} {12 1 2} {13 4 3} {14 4 4} {15 4 5}]
2023/10/17 22:53:14 {Node 2}'s state is {state 2,term 4,commitIndex 4,lastApplied 4,firstLog {<nil> 0 0},lastLog {15 4 5}} before processing AppendEntriesRequest &{4 4 5 4 [] 4} and reply AppendEntriesResponse &{4 true 0 0}
2023/10/17 22:53:14 {Node 3}'s state is {state 2,term 4,commitIndex 4,lastApplied 4,firstLog {<nil> 0 0},lastLog {15 4 5}} before processing AppendEntriesRequest &{4 4 5 4 [] 4} and reply AppendEntriesResponse &{4 true 0 0}
2023/10/17 22:53:15 Term 4 Leader 4 Send all AppendEntries Log : [{<nil> 0 0} {11 1 1} {12 1 2} {13 4 3} {14 4 4} {15 4 5}]
2023/10/17 22:53:15 {Node 2}'s state is {state 2,term 4,commitIndex 4,lastApplied 4,firstLog {<nil> 0 0},lastLog {15 4 5}} before processing AppendEntriesRequest &{4 4 5 4 [] 5} and reply AppendEntriesResponse &{4 true 0 0}
2023/10/17 22:53:15 {Node 3}'s state is {state 2,term 4,commitIndex 4,lastApplied 4,firstLog {<nil> 0 0},lastLog {15 4 5}} before processing AppendEntriesRequest &{4 4 5 4 [] 5} and reply AppendEntriesResponse &{4 true 0 0}
2023/10/17 22:53:15 Term 4 Leader 4 Send all AppendEntries Log : [{<nil> 0 0} {11 1 1} {12 1 2} {13 4 3} {14 4 4} {15 4 5}]
2023/10/17 22:53:15 {Node 2}'s state is {state 2,term 4,commitIndex 5,lastApplied 4,firstLog {<nil> 0 0},lastLog {15 4 5}} before processing AppendEntriesRequest &{4 4 5 4 [] 5} and reply AppendEntriesResponse &{4 true 0 0}
2023/10/17 22:53:15 {Node 3}'s state is {state 2,term 4,commitIndex 5,lastApplied 4,firstLog {<nil> 0 0},lastLog {15 4 5}} before processing AppendEntriesRequest &{4 4 5 4 [] 5} and reply AppendEntriesResponse &{4 true 0 0}
2023/10/17 22:53:15 Term 4 Leader 4 Send all AppendEntries Log : [{<nil> 0 0} {11 1 1} {12 1 2} {13 4 3} {14 4 4} {15 4 5}]
2023/10/17 22:53:15 {Node 2}'s state is {state 2,term 4,commitIndex 5,lastApplied 5,firstLog {<nil> 0 0},lastLog {15 4 5}} before processing AppendEntriesRequest &{4 4 5 4 [] 5} and reply AppendEntriesResponse &{4 true 0 0}
2023/10/17 22:53:15 {Node 3}'s state is {state 2,term 4,commitIndex 5,lastApplied 5,firstLog {<nil> 0 0},lastLog {15 4 5}} before processing AppendEntriesRequest &{4 4 5 4 [] 5} and reply AppendEntriesResponse &{4 true 0 0}
2023/10/17 22:53:15 Term 4 Leader 4 Send all AppendEntries Log : [{<nil> 0 0} {11 1 1} {12 1 2} {13 4 3} {14 4 4} {15 4 5}]
2023/10/17 22:53:15 Term 4 Leader 4 Send all AppendEntries Log : [{<nil> 0 0} {11 1 1} {12 1 2} {13 4 3} {14 4 4} {15 4 5}]
2023/10/17 22:53:15 Term 4 Leader 4 Send all AppendEntries Log : [{<nil> 0 0} {11 1 1} {12 1 2} {13 4 3} {14 4 4} {15 4 5}]
2023/10/17 22:53:15 Term 4 Leader 4 Send all AppendEntries Log : [{<nil> 0 0} {11 1 1} {12 1 2} {13 4 3} {14 4 4} {15 4 5}]
2023/10/17 22:53:15 {Node 2} starts election with RequestVoteRequest &{5 2 5 4}
2023/10/17 22:53:15 Term 4 Leader 4 Send all AppendEntries Log : [{<nil> 0 0} {11 1 1} {12 1 2} {13 4 3} {14 4 4} {15 4 5}]
2023/10/17 22:53:15 {Node 0} starts election with RequestVoteRequest &{5 0 4 4}
2023/10/17 22:53:15 {Node 1}'s state is {state 2,term 4,commitIndex 0,lastApplied 0,firstLog {<nil> 0 0},lastLog {14 4 4}} before processing requestVoteRequest &{5 0 4 4} and reply requestVoteResponse &{4 true}
2023/10/17 22:53:15 {Node 0} receives RequestVoteResponse &{5 0 4 4} from {Node [0xc00075fa80 0xc00075faa0 0xc00075fac0 0xc00075fae0 0xc00075fb00]} after sending RequestVoteRequest &{4 true} in term 5
2023/10/17 22:53:15 Term 4 Leader 4 Send all AppendEntries Log : [{<nil> 0 0} {11 1 1} {12 1 2} {13 4 3} {14 4 4} {15 4 5}]
2023/10/17 22:53:15 {Node 3} starts election with RequestVoteRequest &{5 3 5 4}
2023/10/17 22:53:15 Term 4 Leader 4 Send all AppendEntries Log : [{<nil> 0 0} {11 1 1} {12 1 2} {13 4 3} {14 4 4} {15 4 5}]
2023/10/17 22:53:16 Term 4 Leader 4 Send all AppendEntries Log : [{<nil> 0 0} {11 1 1} {12 1 2} {13 4 3} {14 4 4} {15 4 5}]
2023/10/17 22:53:16 {Node 2} starts election with RequestVoteRequest &{6 2 5 4}
2023/10/17 22:53:16 Term 4 Leader 4 Send all AppendEntries Log : [{<nil> 0 0} {11 1 1} {12 1 2} {13 4 3} {14 4 4} {15 4 5}]
2023/10/17 22:53:16 {Node 0} starts election with RequestVoteRequest &{6 0 4 4}
2023/10/17 22:53:16 {Node 1}'s state is {state 2,term 5,commitIndex 0,lastApplied 0,firstLog {<nil> 0 0},lastLog {14 4 4}} before processing requestVoteRequest &{6 0 4 4} and reply requestVoteResponse &{5 true}
2023/10/17 22:53:16 {Node 1} starts election with RequestVoteRequest &{7 1 4 4}
2023/10/17 22:53:16 {Node 0} receives RequestVoteResponse &{6 0 4 4} from {Node [0xc00075fa80 0xc00075faa0 0xc00075fac0 0xc00075fae0 0xc00075fb00]} after sending RequestVoteRequest &{5 true} in term 6
2023/10/17 22:53:16 {Node 1} starts election with RequestVoteRequest &{7 1 4 4}
2023/10/17 22:53:16 {Node 0}'s state is {state 1,term 6,commitIndex 0,lastApplied 0,firstLog {<nil> 0 0},lastLog {14 4 4}} before processing requestVoteRequest &{7 1 4 4} and reply requestVoteResponse &{6 true}
2023/10/17 22:53:16 {Node 0}'s state is {state 2,term 7,commitIndex 0,lastApplied 0,firstLog {<nil> 0 0},lastLog {14 4 4}} before processing requestVoteRequest &{7 1 4 4} and reply requestVoteResponse &{7 true}
2023/10/17 22:53:16 {Node 1} receives RequestVoteResponse &{7 1 4 4} from {Node [0xc00075fdc0 0xc00075fde0 0xc00075fe00 0xc00075fe20 0xc00075fe40]} after sending RequestVoteRequest &{6 true} in term 7
2023/10/17 22:53:16 {Node 1} receives RequestVoteResponse &{7 1 4 4} from {Node [0xc00075fdc0 0xc00075fde0 0xc00075fe00 0xc00075fe20 0xc00075fe40]} after sending RequestVoteRequest &{7 true} in term 7
2023/10/17 22:53:16 Term 7 Leader 1 Send all AppendEntries Log : [{<nil> 0 0} {11 1 1} {12 1 2} {13 4 3} {14 4 4}]
2023/10/17 22:53:16 {Node 0}'s state is {state 2,term 7,commitIndex 0,lastApplied 0,firstLog {<nil> 0 0},lastLog {14 4 4}} before processing AppendEntriesRequest &{7 1 4 4 [] 0} and reply AppendEntriesResponse &{7 true 0 0}
2023/10/17 22:53:16 Term 4 Leader 4 Send all AppendEntries Log : [{<nil> 0 0} {11 1 1} {12 1 2} {13 4 3} {14 4 4} {15 4 5}]
2023/10/17 22:53:16 Term 7 Leader 1 Send all AppendEntries Log : [{<nil> 0 0} {11 1 1} {12 1 2} {13 4 3} {14 4 4} {16 7 5}]
2023/10/17 22:53:16 {Node 0}'s state is {state 2,term 7,commitIndex 0,lastApplied 0,firstLog {<nil> 0 0},lastLog {14 4 4}} before processing AppendEntriesRequest &{7 1 4 4 [{16 7 5}] 0} and reply AppendEntriesResponse &{7 true 0 0}
2023/10/17 22:53:16 {Node 2}'s state is {state 2,term 4,commitIndex 0,lastApplied 0,firstLog {<nil> 0 0},lastLog {15 4 5}} before processing AppendEntriesRequest &{7 1 4 4 [{16 7 5}] 0} and reply AppendEntriesResponse &{4 true 0 0}
2023/10/17 22:53:16 Term 4 Leader 4 Send all AppendEntries Log : [{<nil> 0 0} {11 1 1} {12 1 2} {13 4 3} {14 4 4} {15 4 5}]
2023/10/17 22:53:16 Term 7 Leader 1 Send all AppendEntries Log : [{<nil> 0 0} {11 1 1} {12 1 2} {13 4 3} {14 4 4} {16 7 5}]
2023/10/17 22:53:16 {Node 2}'s state is {state 2,term 7,commitIndex 0,lastApplied 0,firstLog {<nil> 0 0},lastLog {16 7 5}} before processing AppendEntriesRequest &{7 1 5 7 [] 0} and reply AppendEntriesResponse &{7 true 0 0}
2023/10/17 22:53:16 {Node 0}'s state is {state 2,term 7,commitIndex 0,lastApplied 0,firstLog {<nil> 0 0},lastLog {16 7 5}} before processing AppendEntriesRequest &{7 1 5 7 [] 0} and reply AppendEntriesResponse &{7 true 0 0}
2023/10/17 22:53:16 Term 4 Leader 4 Send all AppendEntries Log : [{<nil> 0 0} {11 1 1} {12 1 2} {13 4 3} {14 4 4} {15 4 5}]
2023/10/17 22:53:16 {Node 3} starts election with RequestVoteRequest &{6 3 5 4}
2023/10/17 22:53:16 Term 7 Leader 1 Send all AppendEntries Log : [{<nil> 0 0} {11 1 1} {12 1 2} {13 4 3} {14 4 4} {16 7 5}]
2023/10/17 22:53:16 {Node 2}'s state is {state 2,term 7,commitIndex 0,lastApplied 0,firstLog {<nil> 0 0},lastLog {16 7 5}} before processing AppendEntriesRequest &{7 1 5 7 [] 5} and reply AppendEntriesResponse &{7 true 0 0}
2023/10/17 22:53:16 {Node 0}'s state is {state 2,term 7,commitIndex 0,lastApplied 0,firstLog {<nil> 0 0},lastLog {16 7 5}} before processing AppendEntriesRequest &{7 1 5 7 [] 5} and reply AppendEntriesResponse &{7 true 0 0}
2023/10/17 22:53:16 Term 4 Leader 4 Send all AppendEntries Log : [{<nil> 0 0} {11 1 1} {12 1 2} {13 4 3} {14 4 4} {15 4 5}]
2023/10/17 22:53:16 Term 7 Leader 1 Send all AppendEntries Log : [{<nil> 0 0} {11 1 1} {12 1 2} {13 4 3} {14 4 4} {16 7 5}]
2023/10/17 22:53:16 {Node 0}'s state is {state 2,term 7,commitIndex 5,lastApplied 0,firstLog {<nil> 0 0},lastLog {16 7 5}} before processing AppendEntriesRequest &{7 1 5 7 [] 5} and reply AppendEntriesResponse &{7 true 0 0}
2023/10/17 22:53:16 {Node 2}'s state is {state 2,term 7,commitIndex 5,lastApplied 0,firstLog {<nil> 0 0},lastLog {16 7 5}} before processing AppendEntriesRequest &{7 1 5 7 [] 5} and reply AppendEntriesResponse &{7 true 0 0}
2023/10/17 22:53:16 Term 4 Leader 4 Send all AppendEntries Log : [{<nil> 0 0} {11 1 1} {12 1 2} {13 4 3} {14 4 4} {15 4 5}]
2023/10/17 22:53:16 Term 7 Leader 1 Send all AppendEntries Log : [{<nil> 0 0} {11 1 1} {12 1 2} {13 4 3} {14 4 4} {16 7 5}]
2023/10/17 22:53:16 {Node 0}'s state is {state 2,term 7,commitIndex 5,lastApplied 0,firstLog {<nil> 0 0},lastLog {16 7 5}} before processing AppendEntriesRequest &{7 1 5 7 [] 5} and reply AppendEntriesResponse &{7 true 0 0}
2023/10/17 22:53:16 {Node 2}'s state is {state 2,term 7,commitIndex 5,lastApplied 0,firstLog {<nil> 0 0},lastLog {16 7 5}} before processing AppendEntriesRequest &{7 1 5 7 [] 5} and reply AppendEntriesResponse &{7 true 0 0}
2023/10/17 22:53:16 apply error: commit Index=5 server=2 16 != server=4 15
exit status 1
FAIL	labs-6.824/src/raft	16.129s
